  *******************************************
  *                                         *
  *        W E L C O M E  to  R O O T       *
  *                                         *
  *   Version   5.34/30     23 April 2015   *
  *                                         *
  *  You are welcome to visit our Web site  *
  *          http://root.cern.ch            *
  *                                         *
  *******************************************

ROOT 5.34/30 (heads/alice/v5-34-30@v5-34-30-18-g19b634a, Jan 04 2016, 09:28:07 on macosx64)

CINT/ROOT C/C++ Interpreter version 5.18.00, July 2, 2010
Type ? for help. Commands must be C++ statements.
Enclose multiple statements between { }.
 Benjamin Audurier rootlogon.C

Processing AODtrainCustom.C...
==================================================================
===========    RUNNING FILTERING TRAIN   ==========
==================================================================
=  Configuring analysis train for:                               =
=  ESD filter                                                    =
=  MUON copy AOD                                                 =
I-AnalysisTrainNew.C::LoadCommodLibraries: Load common libraries:    SUCCESS
I-AnalysisTrainNew.C::LoadCommodLibraries: Include path for Aclic compilation:
-I. -I$ALICE_PHYSICS/include -I$ALICE_ROOT/include  -I"/Users/audurier/alicesw/root/alice_v5-34-30/inst/include"  -I"$ALICE_ROOT/include"  -I"$ALICE_PHYSICS/include" 
I-AnalysisTrainNew.C::LoadAnalysisLibraries: Load other libraries:   SUCCESS
Registering delta AOD file
/Users/audurier/alicesw/aliroot/master/inst/ANALYSIS/ESDfilter/macros/AddTaskESDFilter.C518: Creating Track Cuts for LHC15f
I-AliESDtrackCuts::GetStandardTPCOnlyTrackCuts: Creating track cuts for TPC-only.
I-AliESDtrackCuts::GetStandardITSTPCTrackCuts2011: Creating track cuts for ITS+TPC (2011 definition).
 <message repeated 2 times>
I-AliESDtrackCuts::GetStandardTPCOnlyTrackCuts: Creating track cuts for TPC-only.
I-AliESDtrackCuts::GetStandardITSTPCTrackCuts2011: Creating track cuts for ITS+TPC (2011 definition).
Data container cAUTO_OUTPUT already has a producer: ESD Filter
=== TOP CONTAINER:
Container: cAUTO_INPUT     DATA TYPE: TChain
= Not connected to a data producer
 = Client tasks indented below:
______________________________________________________________________________
   task: ESD MC Labels addition  ACTIVE=0 POST_LOOP=0
      INPUT #0: TChain <-  [cAUTO_INPUT]
      OUTPUT #0: TTree ->  [NO CONTAINER]
 <message repeated 3 times>
I-AliAnalysisTaskESDfilter::PrintTask: 
______________________________________________________________________________
   task: ESD Filter  ACTIVE=0 POST_LOOP=0
      INPUT #0: TChain <-  [cAUTO_INPUT]
      OUTPUT #0: TTree ->  [cAUTO_OUTPUT]
      Container: cAUTO_OUTPUT     DATA TYPE: TTree
       = Filename: default
      Cascades       are DISABLED
      V0s            are ENABLED
      Kinks          are DISABLED
      Tracks         are ENABLED
      PmdClusters    are ENABLED
      CaloClusters   are ENABLED
      EMCAL cells    are ENABLED
      EMCAL triggers are ENABLED
      PHOS triggers  are ENABLED
      Tracklets      are ENABLED
      HMPID          is  ENABLED
      TRD            is  ENABLED
      PropagateTrackToEMCal  is ENABLED
      RefitVerteTracks is DISABLED
______________________________________________________________________________
   task: ESD Muon Filter  ACTIVE=0 POST_LOOP=0
      INPUT #0: TChain <-  [cAUTO_INPUT]
      OUTPUT #0: TTree ->  [NO CONTAINER]
      Keep only muon information 
      Keep all events, regardless of number of muons
      Assuming work on MC data (i.e. will transmit MC branches)
        (will write MC information irrespective of whether or not we have reconstructed muons in the event)
      Will also keep SPD tracklets
______________________________________________________________________________
   task: Particle Kine Filter  ACTIVE=0 POST_LOOP=0
      INPUT #0: TChain <-  [cAUTO_INPUT]
      OUTPUT #0: TTree ->  [cAUTO_OUTPUT]
      OUTPUT #1: TList ->  [cFilterList]
      Container: cAUTO_OUTPUT     DATA TYPE: TTree
       = Filename: default
      Container: cFilterList     DATA TYPE: TList
       = Filename: pyxsec_hists.root
______________________________________________________________________________
OutputEventHandler:
   IsStandard 1 filename=AliAOD.root
(class TClass*)0x7fba69105980
####### Added AOD filter AliAOD.Muons.root
===== RUNNING LOCAL ANALYSIS Analysis Train ON TREE esdTree
[TFile::Cp] Total 0.00 MB	|>...................| 0.00 % [0.0 MB/s][TFile::Cp] Total 0.00 MB	|====================| 100.00 % [0.1 MB/s]
(class TClass*)0x7fba69105980
E-TList::AddLast: argument is a null pointer
I-AliESDtrackCuts::GetStandardTPCOnlyTrackCuts: Creating track cuts for TPC-only.
E-AliAnalysisTaskMCParticleFilter::CheckOwnership: ####### IMPORTANT! ####### 


                Task Particle Kine Filter (AliAnalysisTaskMCParticleFilter) posts a container that is not owner at output #1. This may apply for other embedded containers. 

                ####### FIX YOUR CODE, THIS WILL PRODUCE A FATAL ERROR IN FUTURE! ##########
Initialization time: 0.54665 [sec]
E-AliAnalysisManager::GetRunFromAlienPath: Invalid AliEn path string
I-AliESDInputHandler::Notify: Directory change AliESDs.root 

I-AliMCEventHandler::Notify: Path: -./-

I-AliMCEventHandler::Init: Number of events in this directory    10 

E-TFile::TFile: file pyxsec.root does not exist
I-AliAnalysisTaskMCParticleFilter::Notify: /Users/audurier/alicesw/aliroot/master/src/ANALYSIS/ANALYSISalice/AliAnalysisTaskMCParticleFilter.cxx:109 pyxsec.root not found in the Input
I-AliMCEventHandler::LoadEvent: Read cache enabled 100000000 bytes for TreeK
I-AliMCEventHandler::LoadEvent: Read cache enabled 100000000 bytes for TreeTR
I-AliCDBManager::Init: AliEn classes enabled in Root. AliCDBGrid factory registered.
I-AliCDBManager::SetDefaultStorage: Setting the run-number will set the corresponding OCDB for raw data reconstruction.
=> Trying to connect to Server [0] root://pcapiserv03.cern.ch:10000 as User baudurie 
I-TAlienFile::Open: Accessing image 1 of alien:///alice/data/OCDBFoldervsRunRange.xml?filetype=raw&cachesz=4000000&readaheadsz=2000000&rmpolicy=1 in SE <ALICE::GRIF_IPNO::SE>
I-AliCDBHandler::OnStartDocument: Reading XML file for LHCPeriod <-> Run Range correspondence
I-AliCDBManager::GetLHCPeriodAgainstAlienFile:  LHC folder = alien://folder=/alice/data/2015/OCDB
I-AliCDBManager::GetLHCPeriodAgainstAlienFile:  LHC period start run = 208505
I-AliCDBManager::GetLHCPeriodAgainstAlienFile:  LHC period end run = 247170
I-AliCDBGrid::QueryCDB: Querying files valid for run 244351 and path "*" into CDB storage  "alien:///alice/data/2015/OCDB/"
I-AliCDBGrid::QueryValidFiles: Only latest version will be returned
I-AliCDBGrid::QueryCDB: 305 valid files found!
I-AliMUONCDB::LoadRecoParam: Loading RecoParam from OCDB...
I-TAlienFile::Open: Accessing image 1 of alien:///alice/data/2015/OCDB/MUON/Calib/RecoParam/Run221128_999999999_v4_s0.root in SE <ALICE::CERN::OCDB>
I-TAlienFile::Open: Accessing image 1 of alien:///alice/data/2015/OCDB/GRP/Geometry/Data/Run0_999999999_v4_s0.root in SE <ALICE::CERN::EOS>
I-TGeoManager::CloseGeometry: Geometry loaded from file...
I-TGeoManager::SetTopVolume: Top volume is ALIC. Master volume is ALIC
I-TGeoNavigator::BuildCache: --- Maximum geometry depth set to 100
I-TGeoManager::Voxelize: Voxelizing...
I-TGeoManager::CountLevels: max level = 12, max placements = 641
I-TGeoManager::CloseGeometry: 6364460 nodes/ 5633 volume UID's in ALICE geometry
I-TGeoManager::CloseGeometry: ----------------modeler ready----------------
I-AliGeomManager::LoadGeometry: From now on using geometry from CDB base folder "alien://?User=?DBFolder=/alice/data/2015/OCDB?SE=default?CacheFolder=?OperateDisconnected=1?CacheSize=1073741824?CleanupInterval=0"
I-TAlienFile::Open: Accessing image 1 of alien:///alice/data/2015/OCDB/MUON/Align/Data/Run244340_999999999_v6_s0.root in SE <ALICE::CERN::OCDB>
W-AliGeomManager::LoadAlignObjsFromCDBSingleDet: 176 alignment objects loaded for MUON, which has 248 alignable volumes
I-AliGeomManager::ApplyAlignObjsFromCDB: Alignment objects loaded for: MUON 
I-TAlienFile::Open: Accessing image 1 of alien:///alice/data/2015/OCDB/MUON/Calib/MappingData/Run0_999999999_v1_s0.root in SE <ALICE::CERN::OCDB>
I-TAlienFile::Open: Accessing image 1 of alien:///alice/data/2015/OCDB/MUON/Calib/TriggerLut/Run244023_999999999_v17_s0.root in SE <ALICE::CERN::OCDB>
I-TAlienFile::Open: Accessing image 1 of alien:///alice/data/2015/OCDB/MUON/Calib/RegionalTriggerConfig/Run244023_999999999_v1020_s0.root in SE <ALICE::CERN::OCDB>
I-TAlienFile::Open: Accessing image 1 of alien:///alice/data/2015/OCDB/MUON/Calib/LocalTriggerBoardMasks/Run235146_999999999_v17_s0.root in SE <ALICE::CERN::OCDB>
I-TAlienFile::Open: Accessing image 1 of alien:///alice/data/2015/OCDB/MUON/Calib/GlobalTriggerCrateConfig/Run244023_999999999_v1019_s0.root in SE <ALICE::CERN::OCDB>
I-AliESDtrackCuts::GetStandardTPCOnlyTrackCuts: Creating track cuts for TPC-only.
I-AliTOFPIDResponse::LoadTOFtailHisto: Loaded TOF tail histogram from file $ALICE_ROOT/TOF/data/addTOFtail.root
I-AliAODHandler::StoreMCParticles: AliAODHandler::StoreMCParticles: Selected 6 (Primaries 3 / total 7) after validation 

I-AliAODHandler::StoreMCParticles: AliAODHandler::StoreMCParticles: Selected 8 (Primaries 3 / total 8) after validation 

I-AliMUONCDB::LoadRecoParam: Loading RecoParam from OCDB...
                                     --> Tracking mode = KALMAN
                                     --> Use Smoother
                                     --> Vertex dispersion in bending direction = 70 cm
I-AliMUONCDB::LoadField: Loading field map from GRP...
I-TAlienFile::Open: Accessing image 1 of alien:///alice/data/2015/OCDB/GRP/GRP/Data/Run244351_244351_v2_s0.root in SE <ALICE::CERN::OCDB>
I-AliGRPManager::ReadGRPEntry: Found an AliGRPObject in GRP/GRP/Data, reading it
I-AliMagF::Print: MagneticFieldMap:L3: +29999 Dip: +5999 kA;  | Polarities in LHC convention
I-AliMagF::Print: Solenoid (+1.00*)5 kG, Dipole ON (+1.00) 
I-AliMagF::Print: Machine B fields for p-p beam (2510 GeV): QGrad: 7.8886 Dipole: 13.5820
I-AliMagF::Print: Uses Sol30_Dip6_Hole of $(ALICE_ROOT)/data/maps/mfchebKGI_sym.root
I-TGeoGlobalMagField::SetField: Global magnetic field set to <MagneticFieldMap>
I-TGeoGlobalMagField::Lock: Global magnetic field <MagneticFieldMap> is now locked
I-AliGRPManager::SetMagField: Running with the B field constructed out of GRP !
I-AliAODHandler::StoreMCParticles: AliAODHandler::StoreMCParticles: Selected 6 (Primaries 5 / total 6) after validation 

I-AliAODHandler::StoreMCParticles: AliAODHandler::StoreMCParticles: Selected 4 (Primaries 3 / total 4) after validation 

I-AliAODHandler::StoreMCParticles: AliAODHandler::StoreMCParticles: Selected 9 (Primaries 4 / total 11) after validation 

I-AliAODHandler::StoreMCParticles: AliAODHandler::StoreMCParticles: Selected 9 (Primaries 3 / total 9) after validation 

I-AliAODHandler::StoreMCParticles: AliAODHandler::StoreMCParticles: Selected 42 (Primaries 3 / total 42) after validation 

I-AliAODHandler::StoreMCParticles: AliAODHandler::StoreMCParticles: Selected 6 (Primaries 4 / total 6) after validation 

I-AliAODHandler::StoreMCParticles: AliAODHandler::StoreMCParticles: Selected 14 (Primaries 4 / total 14) after validation 

I-AliAODHandler::StoreMCParticles: AliAODHandler::StoreMCParticles: Selected 7 (Primaries 3 / total 7) after validation 

AOD Filter AliAOD.Muons.root: events processed: 10   passed: 10
Real time 0:01:15, CP time 3.900
