  *******************************************
  *                                         *
  *        W E L C O M E  to  R O O T       *
  *                                         *
  *   Version   5.34/30     23 April 2015   *
  *                                         *
  *  You are welcome to visit our Web site  *
  *          http://root.cern.ch            *
  *                                         *
  *******************************************

ROOT 5.34/30 (heads/alice/v5-34-30@v5-34-30-18-g19b634a, Jan 04 2016, 09:28:07 on macosx64)

CINT/ROOT C/C++ Interpreter version 5.18.00, July 2, 2010
Type ? for help. Commands must be C++ statements.
Enclose multiple statements between { }.
 Benjamin Audurier rootlogon.C

Processing rec.C...
I-AliReconstruction::SetRunQA: QA will be done on "MUON" for "Raws DigitsR RecPoints ESDs"

I-AliCDBManager::Init: AliEn classes enabled in Root. AliCDBGrid factory registered.
I-AliCDBGrid::AliCDBGrid: Connection to the Grid...
=> Trying to connect to Server [1] root://pcapiserv08.cern.ch:10000 as User baudurie 
W-AliRawReader::Create: No raw-reader created
I-AliReconstruction::InitRawReader: Reconstruction will run over digits
W-AliReconstruction::InitCDB: !!!!!!!!!!!!!!!!!!!!!!!!!!!!!!!!!!!!!!!!!!!!!!!!!!!!!
W-AliReconstruction::InitCDB: Default CDB storage has been already set !
W-AliReconstruction::InitCDB: Ignoring the default storage declared in AliReconstruction: 
W-AliReconstruction::InitCDB: !!!!!!!!!!!!!!!!!!!!!!!!!!!!!!!!!!!!!!!!!!!!!!!!!!!!!
I-AliCDBGrid::QueryCDB: Querying files valid for run 244351 and path "*" into CDB storage  "alien:///alice/data/2015/OCDB/"
I-AliCDBGrid::QueryValidFiles: Only latest version will be returned
I-AliCDBGrid::QueryCDB: 305 valid files found!
I-AliCDBGrid::QueryCDB: Querying files valid for run 244351 and path "ITS/Calib/RecoParam" into CDB storage  "alien:///alice/cern.ch/user/p/ppillot/OCDB2015/"
I-AliCDBGrid::QueryValidFiles: Only latest version will be returned
I-AliCDBGrid::QueryCDB: 1 valid files found!
I-AliCDBLocal::QueryCDB: Querying files valid for run 244351 and path "GRP/GRP/Data" into CDB storage  "local:///Users/audurier/Documents/Analysis/Dummy"
I-AliCDBLocal::QueryCDB: 1 valid files found!
I-AliCDBManager::Print: Run number = 244351; Cache is ACTIVE; Number of active storages: 3
	*** Default Storage URI: "alien://?User=?DBFolder=/alice/data/2015/OCDB?SE=default?CacheFolder=?OperateDisconnected=1?CacheSize=1073741824?CleanupInterval=0"
	*** Specific storage 1: Path "ITS/Calib/RecoParam" -> URI "alien://?User=?DBFolder=/alice/cern.ch/user/p/ppillot/OCDB2015?SE=default?CacheFolder=?OperateDisconnected=1?CacheSize=1073741824?CleanupInterval=0"
	*** Specific storage 2: Path "GRP/GRP/Data" -> URI "local:///Users/audurier/Documents/Analysis/Dummy"

I-TGeoManager::Import: Reading geometry from file: ./geometry.root
I-TGeoManager::CloseGeometry: Geometry loaded from file...
I-TGeoManager::SetTopVolume: Top volume is ALIC. Master volume is ALIC
I-TGeoNavigator::BuildCache: --- Maximum geometry depth set to 100
I-TGeoManager::CloseGeometry: Voxelization retrieved from file
I-TGeoManager::CountLevels: max level = 8, max placements = 547
I-TGeoManager::CloseGeometry: 846533 nodes/ 3880 volume UID's in ALICE geometry
I-TGeoManager::CloseGeometry: ----------------modeler ready----------------
I-AliGeomManager::LoadGeometry: From now on using geometry from custom geometry file "./geometry.root"
I-TAlienFile::Open: Accessing image 1 of alien:///alice/data/2015/OCDB/GRP/Align/Data/Run0_999999999_v1_s0.root in SE <ALICE::CERN::OCDB>
I-TAlienFile::Open: Accessing image 1 of alien:///alice/data/2015/OCDB/ITS/Align/Data/Run0_999999999_v2_s0.root in SE <ALICE::CERN::OCDB>
I-TAlienFile::Open: Accessing image 1 of alien:///alice/data/2015/OCDB/MUON/Align/Data/Run244340_999999999_v6_s0.root in SE <ALICE::CERN::OCDB>
W-AliGeomManager::LoadAlignObjsFromCDBSingleDet: 176 alignment objects loaded for MUON, which has 248 alignable volumes
I-TAlienFile::Open: Accessing image 1 of alien:///alice/data/2015/OCDB/FMD/Align/Data/Run0_999999999_v1_s0.root in SE <ALICE::CERN::OCDB>
I-TAlienFile::Open: Accessing image 1 of alien:///alice/data/2015/OCDB/T0/Align/Data/Run0_999999999_v1_s0.root in SE <ALICE::CERN::OCDB>
W-AliGeomManager::LoadAlignObjsFromCDBSingleDet: 2 alignment objects loaded for T0, which has 24 alignable volumes
I-TAlienFile::Open: Accessing image 1 of alien:///alice/data/2015/OCDB/VZERO/Align/Data/Run0_999999999_v1_s0.root in SE <ALICE::CERN::EOS>
I-AliGeomManager::ApplyAlignObjsFromCDB: Alignment objects loaded for: GRP ITS MUON FMD T0 VZERO 
I-AliReconstruction::InitGRP: Found an AliGRPObject in GRP/GRP/Data, reading it
==> Dumping object at: 0x00007ff655d129c0, name=AliRunInfo, class=AliRunInfo

fLHCState                     STABLE_BEAMS        state of the machine as provided by DCS and DAQ log-book (per run)
fBeamType                     UNKNOWN             beam type for Alice
fBeamEnergy                   0                   beam energy (in GeV)
fRunType                      PHYSICS             run type accoring to ECS (per run)
fActiveDetectors              162823              list of active detectors (per run)
fUniqueID                     0                   object unique identifier
fBits                         0x03000000          bit field status word
I-AliReconstruction::InitGRP: fQADetectors=MUON 
I-AliReconstruction::InitGRP: ===================================================================================
I-AliReconstruction::InitGRP: Running local reconstruction for detectors: ITS MUON 
I-AliReconstruction::InitGRP: Running tracking for detectors: ITS MUON 
I-AliReconstruction::InitGRP: Filling ESD for detectors: ITS MUON 
I-AliReconstruction::InitGRP: Quality assurance is active for detectors: MUON 
I-AliReconstruction::InitGRP: CDB and reconstruction parameters are loaded for detectors: ITS MUON 
I-AliReconstruction::InitGRP: ===================================================================================
I-AliMagF::CreateFieldMap: Assume no LHC magnet field for the beam type UNKNOWN, 
I-AliMagF::Print: MagneticFieldMap:L3: +29999 Dip: +5999 kA;  | Polarities in LHC convention
I-AliMagF::Print: Solenoid (+1.00*)5 kG, Dipole ON (+1.00) 
I-AliMagF::Print: Machine B fields for No Beam beam (0 GeV): QGrad: 0.0000 Dipole: 0.0000
I-AliMagF::Print: Uses Sol30_Dip6_Hole of $(ALICE_ROOT)/data/maps/mfchebKGI_sym.root
I-TGeoGlobalMagField::SetField: Global magnetic field set to <MagneticFieldMap>
I-TGeoGlobalMagField::Lock: Global magnetic field <MagneticFieldMap> is now locked
I-AliReconstruction::InitGRP: Running with the B field constructed out of GRP !
I-TAlienFile::Open: Accessing image 1 of alien:///alice/data/2015/OCDB/GRP/Calib/MeanVertexSPD/Run244351_244351_v588_s0.root in SE <ALICE::CERN::OCDB>
I-TAlienFile::Open: Accessing image 1 of alien:///alice/data/2015/OCDB/GRP/Calib/MeanVertex/Run244351_244351_v2_s0.root in SE <ALICE::CERN::OCDB>
I-TAlienFile::Open: Accessing image 1 of alien:///alice/data/2015/OCDB/GRP/Calib/MeanVertexTPC/Run0_999999999_v1_s0.root in SE <ALICE::CERN::OCDB>
I-TAlienFile::Open: Accessing image 1 of alien:///alice/data/2015/OCDB/GRP/CTP/Config/Run244351_244351_v1_s0.root in SE <ALICE::CERN::OCDB>
I-TAlienFile::Open: Accessing image 1 of alien:///alice/data/2015/OCDB/GRP/Calib/LHCClockPhase/Run244351_244351_v2_s0.root in SE <ALICE::CERN::OCDB>
I-TAlienFile::Open: Accessing image 1 of alien:///alice/data/2015/OCDB/ITS/Calib/BadChannelsSSD/Run244323_999999999_v497_s0.root in SE <ALICE::CERN::OCDB>
I-TAlienFile::Open: Accessing image 1 of alien:///alice/data/2015/OCDB/ITS/Calib/CalibSDD/Run244327_999999999_v475_s0.root in SE <ALICE::CERN::OCDB>
I-TAlienFile::Open: Accessing image 1 of alien:///alice/data/2015/OCDB/ITS/Calib/DDLMapSDD/Run0_999999999_v1_s0.root in SE <ALICE::CERN::EOS>
I-TAlienFile::Open: Accessing image 1 of alien:///alice/data/2015/OCDB/ITS/Calib/DriftSpeedSDD/Run244339_244377_v433_s0.root in SE <ALICE::CERN::OCDB>
I-TAlienFile::Open: Accessing image 1 of alien:///alice/data/2015/OCDB/ITS/Calib/GainSSD/Run224891_999999999_v2_s0.root in SE <ALICE::CERN::OCDB>
I-TAlienFile::Open: Accessing image 1 of alien:///alice/data/2015/OCDB/ITS/Calib/HLTforSDD/Run0_999999999_v1_s0.root in SE <ALICE::CERN::EOS>
I-TAlienFile::Open: Accessing image 1 of alien:///alice/data/2015/OCDB/ITS/Calib/MapsTimeSDD/Run244339_244377_v2_s0.root in SE <ALICE::CERN::OCDB>
I-TAlienFile::Open: Accessing image 1 of alien:///alice/data/2015/OCDB/ITS/Calib/NoiseSSD/Run244323_999999999_v497_s0.root in SE <ALICE::CERN::OCDB>
I-TAlienFile::Open: Accessing image 1 of alien:///alice/data/2015/OCDB/ITS/Calib/PITConditions/Run0_999999999_v1_s0.root in SE <ALICE::CERN::OCDB>
I-TAlienFile::Open: Accessing image 1 of alien:///alice/data/2015/OCDB/ITS/Calib/RecoParam/Run0_999999999_v2_s0.root in SE <ALICE::CERN::OCDB>
I-TAlienFile::Open: Accessing image 1 of alien:///alice/data/2015/OCDB/ITS/Calib/RescaleDriftSpeedSDD/Run0_999999999_v1_s0.root in SE <ALICE::CERN::OCDB>
I-TAlienFile::Open: Accessing image 1 of alien:///alice/data/2015/OCDB/ITS/Calib/RespSDD/Run244339_244377_v2_s0.root in SE <ALICE::CERN::OCDB>
I-TAlienFile::Open: Accessing image 1 of alien:///alice/data/2015/OCDB/ITS/Calib/SPDDead/Run244351_244351_v2_s0.root in SE <ALICE::CERN::OCDB>
I-TAlienFile::Open: Accessing image 1 of alien:///alice/data/2015/OCDB/ITS/Calib/SPDFOEfficiency/Run0_999999999_v1_s0.root in SE <ALICE::CERN::OCDB>
I-TAlienFile::Open: Accessing image 1 of alien:///alice/data/2015/OCDB/ITS/Calib/SPDFONoise/Run0_999999999_v1_s0.root in SE <ALICE::CERN::OCDB>
I-TAlienFile::Open: Accessing image 1 of alien:///alice/data/2015/OCDB/ITS/Calib/SPDNoisy/Run0_999999999_v1_s0.root in SE <ALICE::CERN::OCDB>
I-TAlienFile::Open: Accessing image 1 of alien:///alice/data/2015/OCDB/ITS/Calib/SPDSparseDead/Run0_999999999_v1_s0.root in SE <ALICE::CERN::OCDB>
I-AliCDBGrid::GetAll: 17 objects retrieved. Request was: path: "ITS/Calib/*"; run range: [244351,244351]
I-AliCDBGrid::GetAll: path: "ITS/Calib/BadChannelsSSD"; run range: [244323,999999999]; version: v497_s0
I-AliCDBGrid::GetAll: path: "ITS/Calib/CalibSDD"; run range: [244327,999999999]; version: v475_s0
I-AliCDBGrid::GetAll: path: "ITS/Calib/DDLMapSDD"; run range: [0,999999999]; version: v1_s0
I-AliCDBGrid::GetAll: path: "ITS/Calib/DriftSpeedSDD"; run range: [244339,244377]; version: v433_s0
I-AliCDBGrid::GetAll: path: "ITS/Calib/GainSSD"; run range: [224891,999999999]; version: v2_s0
I-AliCDBGrid::GetAll: path: "ITS/Calib/HLTforSDD"; run range: [0,999999999]; version: v1_s0
I-AliCDBGrid::GetAll: path: "ITS/Calib/MapsTimeSDD"; run range: [244339,244377]; version: v2_s0
I-AliCDBGrid::GetAll: path: "ITS/Calib/NoiseSSD"; run range: [244323,999999999]; version: v497_s0
I-AliCDBGrid::GetAll: path: "ITS/Calib/PITConditions"; run range: [0,999999999]; version: v1_s0
I-AliCDBGrid::GetAll: path: "ITS/Calib/RecoParam"; run range: [0,999999999]; version: v2_s0
I-AliCDBGrid::GetAll: path: "ITS/Calib/RescaleDriftSpeedSDD"; run range: [0,999999999]; version: v1_s0
I-AliCDBGrid::GetAll: path: "ITS/Calib/RespSDD"; run range: [244339,244377]; version: v2_s0
I-AliCDBGrid::GetAll: path: "ITS/Calib/SPDDead"; run range: [244351,244351]; version: v2_s0
I-AliCDBGrid::GetAll: path: "ITS/Calib/SPDFOEfficiency"; run range: [0,999999999]; version: v1_s0
I-AliCDBGrid::GetAll: path: "ITS/Calib/SPDFONoise"; run range: [0,999999999]; version: v1_s0
I-AliCDBGrid::GetAll: path: "ITS/Calib/SPDNoisy"; run range: [0,999999999]; version: v1_s0
I-AliCDBGrid::GetAll: path: "ITS/Calib/SPDSparseDead"; run range: [0,999999999]; version: v1_s0
I-AliCDBManager::GetAll: Now look into all other specific storages...
I-TAlienFile::Open: Accessing image 1 of alien:///alice/cern.ch/user/p/ppillot/OCDB2015/ITS/Calib/RecoParam/Run0_999999999_v2_s0.root in SE <ALICE::CERN::EOS>
I-AliCDBManager::GetAll: After look into other specific storages, result list is:
I-AliCDBManager::GetAll: path: "ITS/Calib/RecoParam"; run range: [0,999999999]; version: v2_s0
I-AliCDBManager::GetAll: path: "ITS/Calib/BadChannelsSSD"; run range: [244323,999999999]; version: v497_s0
I-AliCDBManager::GetAll: path: "ITS/Calib/CalibSDD"; run range: [244327,999999999]; version: v475_s0
I-AliCDBManager::GetAll: path: "ITS/Calib/DDLMapSDD"; run range: [0,999999999]; version: v1_s0
I-AliCDBManager::GetAll: path: "ITS/Calib/DriftSpeedSDD"; run range: [244339,244377]; version: v433_s0
I-AliCDBManager::GetAll: path: "ITS/Calib/GainSSD"; run range: [224891,999999999]; version: v2_s0
I-AliCDBManager::GetAll: path: "ITS/Calib/HLTforSDD"; run range: [0,999999999]; version: v1_s0
I-AliCDBManager::GetAll: path: "ITS/Calib/MapsTimeSDD"; run range: [244339,244377]; version: v2_s0
I-AliCDBManager::GetAll: path: "ITS/Calib/NoiseSSD"; run range: [244323,999999999]; version: v497_s0
I-AliCDBManager::GetAll: path: "ITS/Calib/PITConditions"; run range: [0,999999999]; version: v1_s0
I-AliCDBManager::GetAll: path: "ITS/Calib/RescaleDriftSpeedSDD"; run range: [0,999999999]; version: v1_s0
I-AliCDBManager::GetAll: path: "ITS/Calib/RespSDD"; run range: [244339,244377]; version: v2_s0
I-AliCDBManager::GetAll: path: "ITS/Calib/SPDDead"; run range: [244351,244351]; version: v2_s0
I-AliCDBManager::GetAll: path: "ITS/Calib/SPDFOEfficiency"; run range: [0,999999999]; version: v1_s0
I-AliCDBManager::GetAll: path: "ITS/Calib/SPDFONoise"; run range: [0,999999999]; version: v1_s0
I-AliCDBManager::GetAll: path: "ITS/Calib/SPDNoisy"; run range: [0,999999999]; version: v1_s0
I-AliCDBManager::GetAll: path: "ITS/Calib/SPDSparseDead"; run range: [0,999999999]; version: v1_s0
I-AliCDBGrid::GetAll: 0 objects retrieved. Request was: path: "ITS/Trigger/*"; run range: [244351,244351]
I-AliCDBManager::GetAll: Now look into all other specific storages...
I-AliCDBManager::GetAll: After look into other specific storages, result list is:
I-TAlienFile::Open: Accessing image 1 of alien:///alice/data/2015/OCDB/MUON/Calib/Capacitances/Run0_999999999_v1_s0.root in SE <ALICE::CERN::OCDB>
I-TAlienFile::Open: Accessing image 1 of alien:///alice/data/2015/OCDB/MUON/Calib/Config/Run243163_999999999_v122_s0.root in SE <ALICE::CERN::OCDB>
I-TAlienFile::Open: Accessing image 1 of alien:///alice/data/2015/OCDB/MUON/Calib/Gains/Run0_999999999_v1_s0.root in SE <ALICE::CERN::OCDB>
I-TAlienFile::Open: Accessing image 1 of alien:///alice/data/2015/OCDB/MUON/Calib/GlobalTriggerBoardMasks/Run0_999999999_v1_s0.root in SE <ALICE::CERN::OCDB>
I-TAlienFile::Open: Accessing image 1 of alien:///alice/data/2015/OCDB/MUON/Calib/GlobalTriggerCrateConfig/Run244023_999999999_v1019_s0.root in SE <ALICE::CERN::OCDB>
I-TAlienFile::Open: Accessing image 1 of alien:///alice/data/2015/OCDB/MUON/Calib/LocalTriggerBoardMasks/Run235146_999999999_v17_s0.root in SE <ALICE::CERN::OCDB>
I-TAlienFile::Open: Accessing image 1 of alien:///alice/data/2015/OCDB/MUON/Calib/MappingData/Run0_999999999_v1_s0.root in SE <ALICE::CERN::OCDB>
I-TAlienFile::Open: Accessing image 1 of alien:///alice/data/2015/OCDB/MUON/Calib/MappingRunData/Run0_999999999_v1_s0.root in SE <ALICE::CERN::OCDB>
I-TAlienFile::Open: Accessing image 1 of alien:///alice/data/2015/OCDB/MUON/Calib/Neighbours/Run0_999999999_v1_s0.root in SE <ALICE::CERN::OCDB>
I-TAlienFile::Open: Accessing image 1 of alien:///alice/data/2015/OCDB/MUON/Calib/Pedestals/Run244336_999999999_v989_s0.root in SE <ALICE::CERN::OCDB>
I-TAlienFile::Open: Accessing image 1 of alien:///alice/data/2015/OCDB/MUON/Calib/RecoParam/Run221128_999999999_v4_s0.root in SE <ALICE::CERN::OCDB>
I-TAlienFile::Open: Accessing image 1 of alien:///alice/data/2015/OCDB/MUON/Calib/RegionalTriggerBoardMasks/Run0_999999999_v1_s0.root in SE <ALICE::CERN::OCDB>
I-TAlienFile::Open: Accessing image 1 of alien:///alice/data/2015/OCDB/MUON/Calib/RegionalTriggerConfig/Run244023_999999999_v1020_s0.root in SE <ALICE::CERN::OCDB>
I-TAlienFile::Open: Accessing image 1 of alien:///alice/data/2015/OCDB/MUON/Calib/RejectList/Run0_999999999_v4_s0.root in SE <ALICE::CERN::OCDB>
I-TAlienFile::Open: Accessing image 1 of alien:///alice/data/2015/OCDB/MUON/Calib/TriggerDCS/Run244351_244351_v2_s0.root in SE <ALICE::CERN::OCDB>
I-TAlienFile::Open: Accessing image 1 of alien:///alice/data/2015/OCDB/MUON/Calib/TriggerEfficiency/Run244340_244377_v2_s0.root in SE <ALICE::CERN::OCDB>
I-TAlienFile::Open: Accessing image 1 of alien:///alice/data/2015/OCDB/MUON/Calib/TriggerLut/Run244023_999999999_v17_s0.root in SE <ALICE::CERN::OCDB>
I-TAlienFile::Open: Accessing image 1 of alien:///alice/data/2015/OCDB/MUON/Calib/HV/Run244351_244351_v1_s0.root in SE <ALICE::CERN::OCDB>
I-TAlienFile::Open: Accessing image 1 of alien:///alice/data/2015/OCDB/MUON/Calib/OccupancyMap/Run244351_244351_v1_s0.root in SE <ALICE::CERN::OCDB>
I-TAlienFile::Open: Accessing image 1 of alien:///alice/data/2015/OCDB/MUON/Calib/TriggerScalers/Run244351_244351_v966_s0.root in SE <ALICE::CERN::OCDB>
I-TAlienFile::Open: Accessing image 1 of alien:///alice/data/2015/OCDB/MUON/Calib/BPEVO/Run244351_244351_v1_s0.root in SE <ALICE::CERN::OCDB>
I-AliCDBGrid::GetAll: 21 objects retrieved. Request was: path: "MUON/Calib/*"; run range: [244351,244351]
I-AliCDBGrid::GetAll: path: "MUON/Calib/Capacitances"; run range: [0,999999999]; version: v1_s0
I-AliCDBGrid::GetAll: path: "MUON/Calib/Config"; run range: [243163,999999999]; version: v122_s0
I-AliCDBGrid::GetAll: path: "MUON/Calib/Gains"; run range: [0,999999999]; version: v1_s0
I-AliCDBGrid::GetAll: path: "MUON/Calib/GlobalTriggerBoardMasks"; run range: [0,999999999]; version: v1_s0
I-AliCDBGrid::GetAll: path: "MUON/Calib/GlobalTriggerCrateConfig"; run range: [244023,999999999]; version: v1019_s0
I-AliCDBGrid::GetAll: path: "MUON/Calib/LocalTriggerBoardMasks"; run range: [235146,999999999]; version: v17_s0
I-AliCDBGrid::GetAll: path: "MUON/Calib/MappingData"; run range: [0,999999999]; version: v1_s0
I-AliCDBGrid::GetAll: path: "MUON/Calib/MappingRunData"; run range: [0,999999999]; version: v1_s0
I-AliCDBGrid::GetAll: path: "MUON/Calib/Neighbours"; run range: [0,999999999]; version: v1_s0
I-AliCDBGrid::GetAll: path: "MUON/Calib/Pedestals"; run range: [244336,999999999]; version: v989_s0
I-AliCDBGrid::GetAll: path: "MUON/Calib/RecoParam"; run range: [221128,999999999]; version: v4_s0
I-AliCDBGrid::GetAll: path: "MUON/Calib/RegionalTriggerBoardMasks"; run range: [0,999999999]; version: v1_s0
I-AliCDBGrid::GetAll: path: "MUON/Calib/RegionalTriggerConfig"; run range: [244023,999999999]; version: v1020_s0
I-AliCDBGrid::GetAll: path: "MUON/Calib/RejectList"; run range: [0,999999999]; version: v4_s0
I-AliCDBGrid::GetAll: path: "MUON/Calib/TriggerDCS"; run range: [244351,244351]; version: v2_s0
I-AliCDBGrid::GetAll: path: "MUON/Calib/TriggerEfficiency"; run range: [244340,244377]; version: v2_s0
I-AliCDBGrid::GetAll: path: "MUON/Calib/TriggerLut"; run range: [244023,999999999]; version: v17_s0
I-AliCDBGrid::GetAll: path: "MUON/Calib/HV"; run range: [244351,244351]; version: v1_s0
I-AliCDBGrid::GetAll: path: "MUON/Calib/OccupancyMap"; run range: [244351,244351]; version: v1_s0
I-AliCDBGrid::GetAll: path: "MUON/Calib/TriggerScalers"; run range: [244351,244351]; version: v966_s0
I-AliCDBGrid::GetAll: path: "MUON/Calib/BPEVO"; run range: [244351,244351]; version: v1_s0
I-AliCDBManager::GetAll: Now look into all other specific storages...
I-AliCDBManager::GetAll: After look into other specific storages, result list is:
I-AliCDBManager::GetAll: path: "MUON/Calib/Capacitances"; run range: [0,999999999]; version: v1_s0
I-AliCDBManager::GetAll: path: "MUON/Calib/Config"; run range: [243163,999999999]; version: v122_s0
I-AliCDBManager::GetAll: path: "MUON/Calib/Gains"; run range: [0,999999999]; version: v1_s0
I-AliCDBManager::GetAll: path: "MUON/Calib/GlobalTriggerBoardMasks"; run range: [0,999999999]; version: v1_s0
I-AliCDBManager::GetAll: path: "MUON/Calib/GlobalTriggerCrateConfig"; run range: [244023,999999999]; version: v1019_s0
I-AliCDBManager::GetAll: path: "MUON/Calib/LocalTriggerBoardMasks"; run range: [235146,999999999]; version: v17_s0
I-AliCDBManager::GetAll: path: "MUON/Calib/MappingData"; run range: [0,999999999]; version: v1_s0
I-AliCDBManager::GetAll: path: "MUON/Calib/MappingRunData"; run range: [0,999999999]; version: v1_s0
I-AliCDBManager::GetAll: path: "MUON/Calib/Neighbours"; run range: [0,999999999]; version: v1_s0
I-AliCDBManager::GetAll: path: "MUON/Calib/Pedestals"; run range: [244336,999999999]; version: v989_s0
I-AliCDBManager::GetAll: path: "MUON/Calib/RecoParam"; run range: [221128,999999999]; version: v4_s0
I-AliCDBManager::GetAll: path: "MUON/Calib/RegionalTriggerBoardMasks"; run range: [0,999999999]; version: v1_s0
I-AliCDBManager::GetAll: path: "MUON/Calib/RegionalTriggerConfig"; run range: [244023,999999999]; version: v1020_s0
I-AliCDBManager::GetAll: path: "MUON/Calib/RejectList"; run range: [0,999999999]; version: v4_s0
I-AliCDBManager::GetAll: path: "MUON/Calib/TriggerDCS"; run range: [244351,244351]; version: v2_s0
I-AliCDBManager::GetAll: path: "MUON/Calib/TriggerEfficiency"; run range: [244340,244377]; version: v2_s0
I-AliCDBManager::GetAll: path: "MUON/Calib/TriggerLut"; run range: [244023,999999999]; version: v17_s0
I-AliCDBManager::GetAll: path: "MUON/Calib/HV"; run range: [244351,244351]; version: v1_s0
I-AliCDBManager::GetAll: path: "MUON/Calib/OccupancyMap"; run range: [244351,244351]; version: v1_s0
I-AliCDBManager::GetAll: path: "MUON/Calib/TriggerScalers"; run range: [244351,244351]; version: v966_s0
I-AliCDBManager::GetAll: path: "MUON/Calib/BPEVO"; run range: [244351,244351]; version: v1_s0
I-AliCDBGrid::GetAll: 0 objects retrieved. Request was: path: "MUON/Trigger/*"; run range: [244351,244351]
I-AliCDBManager::GetAll: Now look into all other specific storages...
I-AliCDBManager::GetAll: After look into other specific storages, result list is:
I-TAlienFile::Open: Accessing image 1 of alien:///alice/data/2015/OCDB/TRIGGER/SPD/PITConditions/Run244351_999999999_v1546_s0.root in SE <ALICE::CERN::OCDB>
I-TAlienFile::Open: Accessing image 1 of alien:///alice/data/2015/OCDB/TRIGGER/TOF/TriggerMask/Run244351_999999999_v1111_s0.root in SE <ALICE::CERN::OCDB>
I-AliCDBGrid::GetAll: 2 objects retrieved. Request was: path: "TRIGGER/*/*"; run range: [244351,244351]
I-AliCDBGrid::GetAll: path: "TRIGGER/SPD/PITConditions"; run range: [244351,999999999]; version: v1546_s0
I-AliCDBGrid::GetAll: path: "TRIGGER/TOF/TriggerMask"; run range: [244351,999999999]; version: v1111_s0
I-AliCDBManager::GetAll: Now look into all other specific storages...
I-AliCDBManager::GetAll: After look into other specific storages, result list is:
I-AliCDBManager::GetAll: path: "TRIGGER/SPD/PITConditions"; run range: [244351,999999999]; version: v1546_s0
I-AliCDBManager::GetAll: path: "TRIGGER/TOF/TriggerMask"; run range: [244351,999999999]; version: v1111_s0
I-TAlienFile::Open: Accessing image 1 of alien:///alice/data/2015/OCDB/HLT/Calib/esdLayout/Run0_999999999_v1_s0.root in SE <ALICE::CERN::OCDB>
I-TAlienFile::Open: Accessing image 1 of alien:///alice/data/2015/OCDB/HLT/Calib/RecoParam/Run0_999999999_v1_s0.root in SE <ALICE::CERN::OCDB>
I-TAlienFile::Open: Accessing image 1 of alien:///alice/data/2015/OCDB/HLT/Calib/StreamerInfo/Run0_999999999_v3_s0.root in SE <ALICE::CERN::OCDB>
I-TAlienFile::Open: Accessing image 1 of alien:///alice/data/2015/OCDB/HLT/ConfigHLT/BarrelHighMultiplicity/Run0_999999999_v1_s0.root in SE <ALICE::CERN::OCDB>
I-TAlienFile::Open: Accessing image 1 of alien:///alice/data/2015/OCDB/HLT/ConfigHLT/BarrelMultiplicityTrigger/Run0_999999999_v1_s0.root in SE <ALICE::CERN::OCDB>
I-TAlienFile::Open: Accessing image 1 of alien:///alice/data/2015/OCDB/HLT/ConfigHLT/BarrelPt_v01/Run0_999999999_v1_s0.root in SE <ALICE::CERN::OCDB>
I-TAlienFile::Open: Accessing image 1 of alien:///alice/data/2015/OCDB/HLT/ConfigHLT/BarrelPt_v02/Run0_999999999_v1_s0.root in SE <ALICE::CERN::OCDB>
I-TAlienFile::Open: Accessing image 1 of alien:///alice/data/2015/OCDB/HLT/ConfigHLT/BarrelPt_v03/Run0_999999999_v1_s0.root in SE <ALICE::CERN::OCDB>
I-TAlienFile::Open: Accessing image 1 of alien:///alice/data/2015/OCDB/HLT/ConfigHLT/EmcalClusterEnergyTrigger/Run0_999999999_v1_s0.root in SE <ALICE::CERN::OCDB>
I-TAlienFile::Open: Accessing image 1 of alien:///alice/data/2015/OCDB/HLT/ConfigHLT/esdLayout/Run0_999999999_v1_s0.root in SE <ALICE::CERN::OCDB>
I-TAlienFile::Open: Accessing image 1 of alien:///alice/data/2015/OCDB/HLT/ConfigHLT/GlobalOfflineVertexer/Run0_999999999_v1_s0.root in SE <ALICE::CERN::OCDB>
I-TAlienFile::Open: Accessing image 1 of alien:///alice/data/2015/OCDB/HLT/ConfigHLT/GlobalTrackMatcher/Run0_999999999_v1_s0.root in SE <ALICE::CERN::OCDB>
I-TAlienFile::Open: Accessing image 1 of alien:///alice/data/2015/OCDB/HLT/ConfigHLT/HLTGlobalTrigger/Run0_999999999_v1_s0.root in SE <ALICE::CERN::OCDB>
I-TAlienFile::Open: Accessing image 1 of alien:///alice/data/2015/OCDB/HLT/ConfigHLT/ITSMultiplicityTrigger/Run0_999999999_v1_s0.root in SE <ALICE::CERN::OCDB>
I-TAlienFile::Open: Accessing image 1 of alien:///alice/data/2015/OCDB/HLT/ConfigHLT/PhosClusterEnergyTrigger/Run0_999999999_v1_s0.root in SE <ALICE::CERN::OCDB>
I-TAlienFile::Open: Accessing image 1 of alien:///alice/data/2015/OCDB/HLT/ConfigHLT/PhosMipTrigger/Run0_999999999_v1_s0.root in SE <ALICE::CERN::OCDB>
I-TAlienFile::Open: Accessing image 1 of alien:///alice/data/2015/OCDB/HLT/ConfigHLT/PrimaryVertexFinder/Run0_999999999_v1_s0.root in SE <ALICE::CERN::OCDB>
I-TAlienFile::Open: Accessing image 1 of alien:///alice/data/2015/OCDB/HLT/ConfigHLT/V0Finder/Run0_999999999_v1_s0.root in SE <ALICE::CERN::OCDB>
I-TAlienFile::Open: Accessing image 1 of alien:///alice/data/2015/OCDB/HLT/ConfigITS/ITSClusterFinderSDD/Run0_999999999_v1_s0.root in SE <ALICE::CERN::OCDB>
I-TAlienFile::Open: Accessing image 1 of alien:///alice/data/2015/OCDB/HLT/ConfigITS/ITSClusterFinderSPD/Run0_999999999_v1_s0.root in SE <ALICE::CERN::OCDB>
I-TAlienFile::Open: Accessing image 1 of alien:///alice/data/2015/OCDB/HLT/ConfigITS/ITSClusterFinderSSD/Run0_999999999_v1_s0.root in SE <ALICE::CERN::OCDB>
I-TAlienFile::Open: Accessing image 1 of alien:///alice/data/2015/OCDB/HLT/ConfigITS/ITSTracker/Run0_999999999_v1_s0.root in SE <ALICE::CERN::OCDB>
I-TAlienFile::Open: Accessing image 1 of alien:///alice/data/2015/OCDB/HLT/ConfigMUON/DecisionComponent/Run0_999999999_v1_s0.root in SE <ALICE::CERN::OCDB>
I-TAlienFile::Open: Accessing image 1 of alien:///alice/data/2015/OCDB/HLT/ConfigMUON/FieldIntegrals/Run0_999999999_v1_s0.root in SE <ALICE::CERN::OCDB>
I-TAlienFile::Open: Accessing image 1 of alien:///alice/data/2015/OCDB/HLT/ConfigMUON/HitReconstructor/Run0_999999999_v1_s0.root in SE <ALICE::CERN::OCDB>
I-TAlienFile::Open: Accessing image 1 of alien:///alice/data/2015/OCDB/HLT/ConfigMUON/MansoTrackerFSM/Run0_999999999_v1_s0.root in SE <ALICE::CERN::EOS>
I-TAlienFile::Open: Accessing image 1 of alien:///alice/data/2015/OCDB/HLT/ConfigMUON/TriggerReconstructor/Run0_999999999_v1_s0.root in SE <ALICE::CERN::EOS>
I-TAlienFile::Open: Accessing image 1 of alien:///alice/data/2015/OCDB/HLT/ConfigPHOS/PHOSClusterizer/Run0_999999999_v1_s0.root in SE <ALICE::CERN::EOS>
I-TAlienFile::Open: Accessing image 1 of alien:///alice/data/2015/OCDB/HLT/ConfigPHOS/PHOSDigitMaker/Run0_999999999_v1_s0.root in SE <ALICE::CERN::EOS>
I-TAlienFile::Open: Accessing image 1 of alien:///alice/data/2015/OCDB/HLT/ConfigPHOS/PHOSRawAnalyzer/Run0_999999999_v1_s0.root in SE <ALICE::CERN::EOS>
I-TAlienFile::Open: Accessing image 1 of alien:///alice/data/2015/OCDB/HLT/ConfigSample/SampleComponent1/Run0_999999999_v1_s0.root in SE <ALICE::CERN::EOS>
I-TAlienFile::Open: Accessing image 1 of alien:///alice/data/2015/OCDB/HLT/ConfigSample/SampleESDAnalysis/Run0_999999999_v1_s0.root in SE <ALICE::CERN::EOS>
I-TAlienFile::Open: Accessing image 1 of alien:///alice/data/2015/OCDB/HLT/ConfigTPC/TPCCAGlobalMerger/Run0_999999999_v1_s0.root in SE <ALICE::CERN::EOS>
I-TAlienFile::Open: Accessing image 1 of alien:///alice/data/2015/OCDB/HLT/ConfigTPC/TPCCATracker/Run0_999999999_v1_s0.root in SE <ALICE::CERN::EOS>
I-TAlienFile::Open: Accessing image 1 of alien:///alice/data/2015/OCDB/HLT/ConfigTPC/TPCDataCompressor/Run0_999999999_v1_s0.root in SE <ALICE::CERN::EOS>
I-TAlienFile::Open: Accessing image 1 of alien:///alice/data/2015/OCDB/HLT/ConfigTPC/TPCDataCompressorHuffmanTables/Run0_999999999_v1_s0.root in SE <ALICE::CERN::EOS>
I-TAlienFile::Open: Accessing image 1 of alien:///alice/data/2015/OCDB/HLT/ConfigTPC/TPCHWClusterFinder/Run0_999999999_v1_s0.root in SE <ALICE::CERN::EOS>
I-TAlienFile::Open: Accessing image 1 of alien:///alice/data/2015/OCDB/HLT/ConfigTPC/TPCHWClusterTransform/Run0_999999999_v1_s0.root in SE <ALICE::CERN::EOS>
I-TAlienFile::Open: Accessing image 1 of alien:///alice/data/2015/OCDB/HLT/ConfigTPC/TPCTrackHisto/Run0_999999999_v1_s0.root in SE <ALICE::CERN::EOS>
I-TAlienFile::Open: Accessing image 1 of alien:///alice/data/2015/OCDB/HLT/ConfigVZERO/VZEROReconstruction/Run0_999999999_v1_s0.root in SE <ALICE::CERN::EOS>
I-TAlienFile::Open: Accessing image 1 of alien:///alice/data/2015/OCDB/HLT/ConfigZDC/ZDCESDReco/Run0_999999999_v1_s0.root in SE <ALICE::CERN::EOS>
I-AliCDBGrid::GetAll: 41 objects retrieved. Request was: path: "HLT/*/*"; run range: [244351,244351]
I-AliCDBGrid::GetAll: path: "HLT/Calib/esdLayout"; run range: [0,999999999]; version: v1_s0
I-AliCDBGrid::GetAll: path: "HLT/Calib/RecoParam"; run range: [0,999999999]; version: v1_s0
I-AliCDBGrid::GetAll: path: "HLT/Calib/StreamerInfo"; run range: [0,999999999]; version: v3_s0
I-AliCDBGrid::GetAll: path: "HLT/ConfigHLT/BarrelHighMultiplicity"; run range: [0,999999999]; version: v1_s0
I-AliCDBGrid::GetAll: path: "HLT/ConfigHLT/BarrelMultiplicityTrigger"; run range: [0,999999999]; version: v1_s0
I-AliCDBGrid::GetAll: path: "HLT/ConfigHLT/BarrelPt_v01"; run range: [0,999999999]; version: v1_s0
I-AliCDBGrid::GetAll: path: "HLT/ConfigHLT/BarrelPt_v02"; run range: [0,999999999]; version: v1_s0
I-AliCDBGrid::GetAll: path: "HLT/ConfigHLT/BarrelPt_v03"; run range: [0,999999999]; version: v1_s0
I-AliCDBGrid::GetAll: path: "HLT/ConfigHLT/EmcalClusterEnergyTrigger"; run range: [0,999999999]; version: v1_s0
I-AliCDBGrid::GetAll: path: "HLT/ConfigHLT/esdLayout"; run range: [0,999999999]; version: v1_s0
I-AliCDBGrid::GetAll: path: "HLT/ConfigHLT/GlobalOfflineVertexer"; run range: [0,999999999]; version: v1_s0
I-AliCDBGrid::GetAll: path: "HLT/ConfigHLT/GlobalTrackMatcher"; run range: [0,999999999]; version: v1_s0
I-AliCDBGrid::GetAll: path: "HLT/ConfigHLT/HLTGlobalTrigger"; run range: [0,999999999]; version: v1_s0
I-AliCDBGrid::GetAll: path: "HLT/ConfigHLT/ITSMultiplicityTrigger"; run range: [0,999999999]; version: v1_s0
I-AliCDBGrid::GetAll: path: "HLT/ConfigHLT/PhosClusterEnergyTrigger"; run range: [0,999999999]; version: v1_s0
I-AliCDBGrid::GetAll: path: "HLT/ConfigHLT/PhosMipTrigger"; run range: [0,999999999]; version: v1_s0
I-AliCDBGrid::GetAll: path: "HLT/ConfigHLT/PrimaryVertexFinder"; run range: [0,999999999]; version: v1_s0
I-AliCDBGrid::GetAll: path: "HLT/ConfigHLT/V0Finder"; run range: [0,999999999]; version: v1_s0
I-AliCDBGrid::GetAll: path: "HLT/ConfigITS/ITSClusterFinderSDD"; run range: [0,999999999]; version: v1_s0
I-AliCDBGrid::GetAll: path: "HLT/ConfigITS/ITSClusterFinderSPD"; run range: [0,999999999]; version: v1_s0
I-AliCDBGrid::GetAll: path: "HLT/ConfigITS/ITSClusterFinderSSD"; run range: [0,999999999]; version: v1_s0
I-AliCDBGrid::GetAll: path: "HLT/ConfigITS/ITSTracker"; run range: [0,999999999]; version: v1_s0
I-AliCDBGrid::GetAll: path: "HLT/ConfigMUON/DecisionComponent"; run range: [0,999999999]; version: v1_s0
I-AliCDBGrid::GetAll: path: "HLT/ConfigMUON/FieldIntegrals"; run range: [0,999999999]; version: v1_s0
I-AliCDBGrid::GetAll: path: "HLT/ConfigMUON/HitReconstructor"; run range: [0,999999999]; version: v1_s0
I-AliCDBGrid::GetAll: path: "HLT/ConfigMUON/MansoTrackerFSM"; run range: [0,999999999]; version: v1_s0
I-AliCDBGrid::GetAll: path: "HLT/ConfigMUON/TriggerReconstructor"; run range: [0,999999999]; version: v1_s0
I-AliCDBGrid::GetAll: path: "HLT/ConfigPHOS/PHOSClusterizer"; run range: [0,999999999]; version: v1_s0
I-AliCDBGrid::GetAll: path: "HLT/ConfigPHOS/PHOSDigitMaker"; run range: [0,999999999]; version: v1_s0
I-AliCDBGrid::GetAll: path: "HLT/ConfigPHOS/PHOSRawAnalyzer"; run range: [0,999999999]; version: v1_s0
I-AliCDBGrid::GetAll: path: "HLT/ConfigSample/SampleComponent1"; run range: [0,999999999]; version: v1_s0
I-AliCDBGrid::GetAll: path: "HLT/ConfigSample/SampleESDAnalysis"; run range: [0,999999999]; version: v1_s0
I-AliCDBGrid::GetAll: path: "HLT/ConfigTPC/TPCCAGlobalMerger"; run range: [0,999999999]; version: v1_s0
I-AliCDBGrid::GetAll: path: "HLT/ConfigTPC/TPCCATracker"; run range: [0,999999999]; version: v1_s0
I-AliCDBGrid::GetAll: path: "HLT/ConfigTPC/TPCDataCompressor"; run range: [0,999999999]; version: v1_s0
I-AliCDBGrid::GetAll: path: "HLT/ConfigTPC/TPCDataCompressorHuffmanTables"; run range: [0,999999999]; version: v1_s0
I-AliCDBGrid::GetAll: path: "HLT/ConfigTPC/TPCHWClusterFinder"; run range: [0,999999999]; version: v1_s0
I-AliCDBGrid::GetAll: path: "HLT/ConfigTPC/TPCHWClusterTransform"; run range: [0,999999999]; version: v1_s0
I-AliCDBGrid::GetAll: path: "HLT/ConfigTPC/TPCTrackHisto"; run range: [0,999999999]; version: v1_s0
I-AliCDBGrid::GetAll: path: "HLT/ConfigVZERO/VZEROReconstruction"; run range: [0,999999999]; version: v1_s0
I-AliCDBGrid::GetAll: path: "HLT/ConfigZDC/ZDCESDReco"; run range: [0,999999999]; version: v1_s0
I-AliCDBManager::GetAll: Now look into all other specific storages...
I-AliCDBManager::GetAll: After look into other specific storages, result list is:
I-AliCDBManager::GetAll: path: "HLT/Calib/esdLayout"; run range: [0,999999999]; version: v1_s0
I-AliCDBManager::GetAll: path: "HLT/Calib/RecoParam"; run range: [0,999999999]; version: v1_s0
I-AliCDBManager::GetAll: path: "HLT/Calib/StreamerInfo"; run range: [0,999999999]; version: v3_s0
I-AliCDBManager::GetAll: path: "HLT/ConfigHLT/BarrelHighMultiplicity"; run range: [0,999999999]; version: v1_s0
I-AliCDBManager::GetAll: path: "HLT/ConfigHLT/BarrelMultiplicityTrigger"; run range: [0,999999999]; version: v1_s0
I-AliCDBManager::GetAll: path: "HLT/ConfigHLT/BarrelPt_v01"; run range: [0,999999999]; version: v1_s0
I-AliCDBManager::GetAll: path: "HLT/ConfigHLT/BarrelPt_v02"; run range: [0,999999999]; version: v1_s0
I-AliCDBManager::GetAll: path: "HLT/ConfigHLT/BarrelPt_v03"; run range: [0,999999999]; version: v1_s0
I-AliCDBManager::GetAll: path: "HLT/ConfigHLT/EmcalClusterEnergyTrigger"; run range: [0,999999999]; version: v1_s0
I-AliCDBManager::GetAll: path: "HLT/ConfigHLT/esdLayout"; run range: [0,999999999]; version: v1_s0
I-AliCDBManager::GetAll: path: "HLT/ConfigHLT/GlobalOfflineVertexer"; run range: [0,999999999]; version: v1_s0
I-AliCDBManager::GetAll: path: "HLT/ConfigHLT/GlobalTrackMatcher"; run range: [0,999999999]; version: v1_s0
I-AliCDBManager::GetAll: path: "HLT/ConfigHLT/HLTGlobalTrigger"; run range: [0,999999999]; version: v1_s0
I-AliCDBManager::GetAll: path: "HLT/ConfigHLT/ITSMultiplicityTrigger"; run range: [0,999999999]; version: v1_s0
I-AliCDBManager::GetAll: path: "HLT/ConfigHLT/PhosClusterEnergyTrigger"; run range: [0,999999999]; version: v1_s0
I-AliCDBManager::GetAll: path: "HLT/ConfigHLT/PhosMipTrigger"; run range: [0,999999999]; version: v1_s0
I-AliCDBManager::GetAll: path: "HLT/ConfigHLT/PrimaryVertexFinder"; run range: [0,999999999]; version: v1_s0
I-AliCDBManager::GetAll: path: "HLT/ConfigHLT/V0Finder"; run range: [0,999999999]; version: v1_s0
I-AliCDBManager::GetAll: path: "HLT/ConfigITS/ITSClusterFinderSDD"; run range: [0,999999999]; version: v1_s0
I-AliCDBManager::GetAll: path: "HLT/ConfigITS/ITSClusterFinderSPD"; run range: [0,999999999]; version: v1_s0
I-AliCDBManager::GetAll: path: "HLT/ConfigITS/ITSClusterFinderSSD"; run range: [0,999999999]; version: v1_s0
I-AliCDBManager::GetAll: path: "HLT/ConfigITS/ITSTracker"; run range: [0,999999999]; version: v1_s0
I-AliCDBManager::GetAll: path: "HLT/ConfigMUON/DecisionComponent"; run range: [0,999999999]; version: v1_s0
I-AliCDBManager::GetAll: path: "HLT/ConfigMUON/FieldIntegrals"; run range: [0,999999999]; version: v1_s0
I-AliCDBManager::GetAll: path: "HLT/ConfigMUON/HitReconstructor"; run range: [0,999999999]; version: v1_s0
I-AliCDBManager::GetAll: path: "HLT/ConfigMUON/MansoTrackerFSM"; run range: [0,999999999]; version: v1_s0
I-AliCDBManager::GetAll: path: "HLT/ConfigMUON/TriggerReconstructor"; run range: [0,999999999]; version: v1_s0
I-AliCDBManager::GetAll: path: "HLT/ConfigPHOS/PHOSClusterizer"; run range: [0,999999999]; version: v1_s0
I-AliCDBManager::GetAll: path: "HLT/ConfigPHOS/PHOSDigitMaker"; run range: [0,999999999]; version: v1_s0
I-AliCDBManager::GetAll: path: "HLT/ConfigPHOS/PHOSRawAnalyzer"; run range: [0,999999999]; version: v1_s0
I-AliCDBManager::GetAll: path: "HLT/ConfigSample/SampleComponent1"; run range: [0,999999999]; version: v1_s0
I-AliCDBManager::GetAll: path: "HLT/ConfigSample/SampleESDAnalysis"; run range: [0,999999999]; version: v1_s0
I-AliCDBManager::GetAll: path: "HLT/ConfigTPC/TPCCAGlobalMerger"; run range: [0,999999999]; version: v1_s0
I-AliCDBManager::GetAll: path: "HLT/ConfigTPC/TPCCATracker"; run range: [0,999999999]; version: v1_s0
I-AliCDBManager::GetAll: path: "HLT/ConfigTPC/TPCDataCompressor"; run range: [0,999999999]; version: v1_s0
I-AliCDBManager::GetAll: path: "HLT/ConfigTPC/TPCDataCompressorHuffmanTables"; run range: [0,999999999]; version: v1_s0
I-AliCDBManager::GetAll: path: "HLT/ConfigTPC/TPCHWClusterFinder"; run range: [0,999999999]; version: v1_s0
I-AliCDBManager::GetAll: path: "HLT/ConfigTPC/TPCHWClusterTransform"; run range: [0,999999999]; version: v1_s0
I-AliCDBManager::GetAll: path: "HLT/ConfigTPC/TPCTrackHisto"; run range: [0,999999999]; version: v1_s0
I-AliCDBManager::GetAll: path: "HLT/ConfigVZERO/VZEROReconstruction"; run range: [0,999999999]; version: v1_s0
I-AliCDBManager::GetAll: path: "HLT/ConfigZDC/ZDCESDReco"; run range: [0,999999999]; version: v1_s0
I-TAlienFile::Open: Accessing image 1 of alien:///alice/data/2015/OCDB/GRP/Calib/CosmicTriggers/Run0_999999999_v3_s0.root in SE <ALICE::CERN::OCDB>
I-TAlienFile::Open: Accessing image 1 of alien:///alice/data/2015/OCDB/GRP/CTP/Scalers/Run244351_244351_v1_s0.root in SE <ALICE::CERN::OCDB>
I-AliReconstruction::LoadTriggerScalersCDB: Found an AliTriggerRunScalers in GRP/CTP/Scalers, reading it
I-AliReconstruction::LoadTriggerScalersCDB: 32bit Trigger counters corrected for overflow
I-TAlienFile::Open: Accessing image 1 of alien:///alice/data/2015/OCDB/GRP/CTP/CTPtiming/Run244351_244351_v1_s0.root in SE <ALICE::CERN::OCDB>
I-AliReconstruction::LoadCTPTimeParamsCDB: Found an AliCTPTimeParams in GRP/CTP/CTPtiming, reading it
I-TAlienFile::Open: Accessing image 1 of alien:///alice/data/2015/OCDB/GRP/CTP/TimeAlign/Run0_999999999_v1_s0.root in SE <ALICE::CERN::OCDB>
I-AliReconstruction::LoadCTPTimeParamsCDB: Found an AliCTPTimeParams in GRP/CTP/TimeAlign, reading it
I-TAlienFile::Open: Accessing image 1 of alien:///alice/data/2015/OCDB/GRP/GRP/LHCData/Run244351_244351_v2_s0.root in SE <ALICE::CERN::OCDB>
I-AliReconstruction::ReadIntensityInfoCDB: Reading mean bunch intensities from GRP/GRP/LHCData
I-AliReconstruction::ReadIntensityInfoCDB: Mean intensity for beam 1: Interacting:-3.70e-02 Non-Interacting:-3.70e-02
I-AliReconstruction::ReadIntensityInfoCDB: Mean intensity for beam 0: Interacting:-3.70e-02 Non-Interacting:-3.70e-02
I-AliReconstruction::InitRecoParams: Loading GRP reconstruction parameter objects
I-TAlienFile::Open: Accessing image 1 of alien:///alice/data/2015/OCDB/GRP/Calib/RecoParam/Run0_999999999_v2_s0.root in SE <ALICE::CERN::OCDB>
I-AliReconstruction::InitRecoParams: Loading reconstruction parameter objects for detector ITS
I-AliReconstruction::InitRecoParams: Loading reconstruction parameter objects for detector MUON
W-AliRunLoader::LoadgAlice: gAlice already exists. Putting retrived object in folder named Event
I-AliReconstruction::CheckRecoCDBvsSimuCDB: Check 1 entries for matching between sim and rec
I-TAlienFile::Open: Accessing image 1 of alien:///alice/data/2015/OCDB/TPC/Calib/RecoParam/Run236867_999999999_v12_s0.root in SE <ALICE::CERN::OCDB>
I-AliReconstruction::CheckRecoCDBvsSimuCDB: #0 Checking TPC/Calib/RecoParam
I-AliReconstruction::CheckRecoCDBvsSimuCDB: Sim. did not use this object
I-AliReconstruction::CheckRecoCDBvsSimuCDB: Rec. used path: "TPC/Calib/RecoParam"; run range: [236867,999999999]; version: v12_s0 from alien://Folder=/alice/data/2015/OCDB
I-AliReconstruction::CreateTrackers: Creating trackers
I-AliITSReconstructor::Init: Geometry name: AliITSv11
I-AliITSDetTypeRec::GetCalibration: 240 SPD, 260 SDD and 1698 SSD in calibration database
I-AliITStrackerSA::ReadBadFromDetTypeRec: Reading info about bad ITS detectors and channels
I-AliITStrackerSA::ReadBadFromDetTypeRec: Layer 0: 12 bad out of 80
I-AliITStrackerSA::ReadBadFromDetTypeRec: Layer 1: 4 bad out of 160
I-AliITStrackerSA::ReadBadFromDetTypeRec: Layer 2: 10 bad out of 84
I-AliITStrackerSA::ReadBadFromDetTypeRec: Layer 3: 27 bad out of 176
I-AliITStrackerSA::ReadBadFromDetTypeRec: Layer 4: 41 bad out of 748
I-AliITStrackerSA::ReadBadFromDetTypeRec: Layer 5: 41 bad out of 950
operator = ESD
I-AliReconstruction::SlaveBegin: Current memory usage 526172 602612
I-AliTOFPIDResponse::LoadTOFtailHisto: Loaded TOF tail histogram from file $ALICE_ROOT/TOF/data/addTOFtail.root
E-AliHMPIDPIDResponse::AliHMPIDPIDResponse: The symbolic volume HMPID_0 does not correspond to any physical entry!
E-AliHMPIDPIDResponse::AliHMPIDPIDResponse: The symbolic volume HMPID_1 does not correspond to any physical entry!
E-AliHMPIDPIDResponse::AliHMPIDPIDResponse: The symbolic volume HMPID_2 does not correspond to any physical entry!
E-AliHMPIDPIDResponse::AliHMPIDPIDResponse: The symbolic volume HMPID_3 does not correspond to any physical entry!
E-AliHMPIDPIDResponse::AliHMPIDPIDResponse: The symbolic volume HMPID_4 does not correspond to any physical entry!
E-AliHMPIDPIDResponse::AliHMPIDPIDResponse: The symbolic volume HMPID_5 does not correspond to any physical entry!
E-AliHMPIDPIDResponse::AliHMPIDPIDResponse: The symbolic volume HMPID_6 does not correspond to any physical entry!
W-AliQADataMaker::SetCloningRequest: Cloning request is incomplete
I-AliQAManager::Init: AliEn classes enabled in Root. AliCDBGrid factory registered.
W-AliReconstruction::InitQA: !!!!!!!!!!!!!!!!!!!!!!!!!!!!!!!!!!!!!!!!!!!!!!!!!!!!!
W-AliReconstruction::InitQA: Default QA refeference storage not yet set !!!!
W-AliReconstruction::InitQA: Setting it now to: local://$ALICE_ROOT/QAref
W-AliReconstruction::InitQA: !!!!!!!!!!!!!!!!!!!!!!!!!!!!!!!!!!!!!!!!!!!!!!!!!!!!!
I-AliMUONQADataMakerRec::AliMUONQADataMakerRec: tracker=1 trigger=1
I-AliReconstruction::InitQA: Initializing the global QA data maker
I-TAlienFile::Open: Accessing image 1 of alien:///alice/data/2015/OCDB/GRP/CTP/Aliases/Run244351_244351_v2_s0.root in SE <ALICE::CERN::OCDB>
I-AliReconstruction::ProcessTriggerAliases: Aliases defined:
Collection name='THashList', class='THashList', size=0
I-AliReconstruction::SlaveBegin: 100.00% of HLT ESD events will be stored
I-AliReconstruction::SlaveBegin: 3.00% of ESD friends  will be stored
I-AliReconstruction::Run: Starting looping over events
W-AliRunLoader::LoadTrigger: Trigger is already loaded. Nothing done. Message will not be repeated.
I-AliReconstruction::ProcessEvent: ================================= Processing event 0 of type Default    ==================================
EventInfo for EventType:	7 Cosmic:OFF Laser:OFF Other:ON
fTriggerMask/fTriggerMaskNext50:	0x1/0
TriggerCluster:	MUONTRK MUONTRG TRG 
TriggerClasses:	 CMSNGL-B-NOPF-MUON 
HLT desicion  :	
I-AliReconstruction::FillMCEventHeaderESD: Filling information from MC Header
 <message repeated 1 time>
I-AliReconstruction::RunLocalEventReconstruction: kNDetectors = 18
I-AliReconstruction::RunLocalEventReconstruction: running reconstruction for ITS
E-TFile::TFile: file ./ITS.Digits.root does not exist
E-AliDataLoader::OpenFile: Can not open file ./ITS.Digits.root
E-AliTreeLoader::Load: Error occured while opening <<TreeD>> file
E-AliReconstruction::RunLocalEventReconstruction: Can't get the ITS digits tree
I-AliReconstruction::RunLocalEventReconstruction: running reconstruction for MUON
I-AliMUONReconstructor::Reconstruct: Created AliMUONDigitStoreV2S from TreeD
I-AliMUONReconstructor::Reconstruct: Created AliMUONTriggerStoreV1 from TreeD
I-AliMUONReconstructor::CreateCalibrationData: Run with MUON TRIGGER : YES and MUON TRACKER : YES
I-AliMUONReconstructor::CreateCalibrator: Calibration will occur.
I-AliMUONDigitCalibrator::Ctor: Will NOT apply gain correction
I-AliMUONReconstructor::CreateClusterServer: Created AliMUONSimpleClusterServer (0x7ff643636c90) for specie 3 with clustering = AliMUONClusterFinderMLEM (following requesting clustering mode MLEM)
I-AliMUONDigitCalibrator::Ctor: Will NOT apply gain correction
W-AliMUONCalibrationData::PatchSt1DCSAliases: Patching already done for St1 DCS aliases on this map. Not doing it again.
W-AliMUONCalibrationData::CreateHV: Patching already done for HV channels on this map. Not doing it again.
I-AliITSVertexerFast::AliITSVertexerFast: Gaussian smaring of the generated vertex. Sigmas (x,y,z) =      0.00500 ,      0.00500 ,      0.01000 cm
W-AliRunLoader::LoadHeader: Header is already loaded. Use ReloadHeader to force reload. Nothing done
I-AliReconstruction::RunVertexFinder: running the ITS vertex finder: AliITSVertexerFast
W-AliITSVertexerFast::FindVertexForCurrentEvent: This class should be used only with simulated events!! Input cluster tree (0x7ff6432ec910) will not be used!!
I-AliMUONReconstructor::CreateTracker: Created tracker 0x7ff6432eea40 for recoparam of type LowMultiplicity es=3
I-AliReconstruction::RunTracking: running tracking
I-AliITSRecPointContainer::AliITSRecPointContainer: Container created with sizes/layer: 25 25 20 20 10 10 
E-AliITSRecPointContainer::FetchClusters: Branch ITSRecPoints not found on ITS recpoints TTree
I-AliITStrackerSA::Clusters2Tracks: Number of prolonged tracks: 0 out of 0 ESD tracks
I-AliITStrackerSA::Clusters2Tracks: timingMI: 1.020432e-04/0.000000e+00 real/cpu
I-AliITStrackerSA::Clusters2Tracks: timingSApure: 1.838207e-04/0.000000e+00 real/cpu
I-AliITStrackerSA::PropagateBack: Number of back propagated ITS tracks: 0 out of 0 ESD tracks
I-AliITStrackerSA::RefitInward: Number of refitted tracks: 0 out of 0 ESD tracks
E-TFile::TFile: file ./ITS.Digits.root does not exist
E-AliDataLoader::OpenFile: Can not open file ./ITS.Digits.root
E-AliTreeLoader::Load: Error occured while opening <<TreeD>> file
E-AliReconstruction::FillESD: Can't get the ITS digits tree
I-AliReconstruction::ProcessEvent: No TPC clusters: VertexerTracks will run with ITSpureSA tracks
I-AliCascadeVertexer::V0sTracks2CascadeVertices: Number of reconstructed cascades: 0
I-AliReconstruction::FillTriggerESD: Filling trigger information into the ESD
E-AliTriggerRunScalers::GetScalersForEventClass: Event AliTimeStamp out of range!
E-AliTriggerRunScalers::GetScalersDeltaForEvent: Event AliTimeStamp out of range!
I-AliReconstruction::RunMultFinder: running the ITS multiplicity finder: AliITSMultReconstructor
W-AliITSMultReconstructor::LoadClusterArrays: No SPD rec points found, multiplicity not calculated
 <message repeated 1 time>
E-AliITSDetTypeRec::GetFiredChipMap: no clusters. fired chip map stays empty. Exiting.
I-AliReconstruction::ProcessEvent: ======================= End Event 0: Res 612( 95 < 95>) Vir 728(139 <139>) CPU  2.07 < 2.07> ===================
I-AliReconstruction::CleanProcessedEvent: ======================= End Event ===================
I-AliReconstruction::ProcessEvent: ================================= Processing event 1 of type Default    ==================================
EventInfo for EventType:	7 Cosmic:OFF Laser:OFF Other:ON
fTriggerMask/fTriggerMaskNext50:	0x1/0
TriggerCluster:	MUONTRK MUONTRG TRG 
TriggerClasses:	 CMSNGL-B-NOPF-MUON 
HLT desicion  :	
I-AliReconstruction::FillMCEventHeaderESD: Filling information from MC Header
 <message repeated 1 time>
I-AliReconstruction::RunLocalEventReconstruction: kNDetectors = 18
I-AliReconstruction::RunLocalEventReconstruction: running reconstruction for ITS
E-TFile::TFile: file ./ITS.Digits.root does not exist
E-AliDataLoader::OpenFile: Can not open file ./ITS.Digits.root
E-AliTreeLoader::Load: Error occured while opening <<TreeD>> file
E-AliReconstruction::RunLocalEventReconstruction: Can't get the ITS digits tree
I-AliReconstruction::RunLocalEventReconstruction: running reconstruction for MUON
I-AliITSVertexerFast::AliITSVertexerFast: Gaussian smaring of the generated vertex. Sigmas (x,y,z) =      0.00500 ,      0.00500 ,      0.01000 cm
W-AliRunLoader::LoadHeader: Header is already loaded. Use ReloadHeader to force reload. Nothing done
I-AliReconstruction::RunVertexFinder: running the ITS vertex finder: AliITSVertexerFast
W-AliITSVertexerFast::FindVertexForCurrentEvent: This class should be used only with simulated events!! Input cluster tree (0x7ff6456c5a30) will not be used!!
I-AliReconstruction::RunTracking: running tracking
E-AliITSRecPointContainer::FetchClusters: Branch ITSRecPoints not found on ITS recpoints TTree
I-AliITStrackerSA::Clusters2Tracks: Number of prolonged tracks: 0 out of 0 ESD tracks
I-AliITStrackerSA::Clusters2Tracks: timingMI: 8.702278e-05/0.000000e+00 real/cpu
I-AliITStrackerSA::Clusters2Tracks: timingSApure: 7.867813e-06/0.000000e+00 real/cpu
I-AliITStrackerSA::PropagateBack: Number of back propagated ITS tracks: 0 out of 0 ESD tracks
I-AliITStrackerSA::RefitInward: Number of refitted tracks: 0 out of 0 ESD tracks
E-TFile::TFile: file ./ITS.Digits.root does not exist
E-AliDataLoader::OpenFile: Can not open file ./ITS.Digits.root
E-AliTreeLoader::Load: Error occured while opening <<TreeD>> file
E-AliReconstruction::FillESD: Can't get the ITS digits tree
I-AliReconstruction::ProcessEvent: No TPC clusters: VertexerTracks will run with ITSpureSA tracks
I-AliCascadeVertexer::V0sTracks2CascadeVertices: Number of reconstructed cascades: 0
I-AliReconstruction::FillTriggerESD: Filling trigger information into the ESD
E-AliTriggerRunScalers::GetScalersForEventClass: Event AliTimeStamp out of range!
E-AliTriggerRunScalers::GetScalersDeltaForEvent: Event AliTimeStamp out of range!
I-AliReconstruction::RunMultFinder: running the ITS multiplicity finder: AliITSMultReconstructor
W-AliITSMultReconstructor::LoadClusterArrays: No SPD rec points found, multiplicity not calculated
 <message repeated 1 time>
E-AliITSDetTypeRec::GetFiredChipMap: no clusters. fired chip map stays empty. Exiting.
W-TH1F::Sumw2: Sum of squares of weights structure already created
 <message repeated 2 times>
I-AliReconstruction::ProcessEvent: ======================= End Event 1: Res 613(  0 < 48>) Vir 728(  0 < 70>) CPU  0.09 < 1.08> ===================
I-AliReconstruction::CleanProcessedEvent: ======================= End Event ===================
I-AliReconstruction::ProcessEvent: ================================= Processing event 2 of type Default    ==================================
EventInfo for EventType:	7 Cosmic:OFF Laser:OFF Other:ON
fTriggerMask/fTriggerMaskNext50:	0x11/0
TriggerCluster:	MUONTRK MUONTRG TRG 
TriggerClasses:	 CMSNGL-B-NOPF-MUON  CMLKLO-B-NOPF-MUON 
HLT desicion  :	
I-AliReconstruction::FillMCEventHeaderESD: Filling information from MC Header
 <message repeated 1 time>
I-AliReconstruction::RunLocalEventReconstruction: kNDetectors = 18
I-AliReconstruction::RunLocalEventReconstruction: running reconstruction for ITS
E-TFile::TFile: file ./ITS.Digits.root does not exist
E-AliDataLoader::OpenFile: Can not open file ./ITS.Digits.root
E-AliTreeLoader::Load: Error occured while opening <<TreeD>> file
E-AliReconstruction::RunLocalEventReconstruction: Can't get the ITS digits tree
I-AliReconstruction::RunLocalEventReconstruction: running reconstruction for MUON
I-AliITSVertexerFast::AliITSVertexerFast: Gaussian smaring of the generated vertex. Sigmas (x,y,z) =      0.00500 ,      0.00500 ,      0.01000 cm
W-AliRunLoader::LoadHeader: Header is already loaded. Use ReloadHeader to force reload. Nothing done
I-AliReconstruction::RunVertexFinder: running the ITS vertex finder: AliITSVertexerFast
W-AliITSVertexerFast::FindVertexForCurrentEvent: This class should be used only with simulated events!! Input cluster tree (0x7ff6456ed2e0) will not be used!!
I-AliReconstruction::RunTracking: running tracking
E-AliITSRecPointContainer::FetchClusters: Branch ITSRecPoints not found on ITS recpoints TTree
I-AliITStrackerSA::Clusters2Tracks: Number of prolonged tracks: 0 out of 0 ESD tracks
I-AliITStrackerSA::Clusters2Tracks: timingMI: 6.484985e-05/0.000000e+00 real/cpu
I-AliITStrackerSA::Clusters2Tracks: timingSApure: 1.192093e-05/0.000000e+00 real/cpu
I-AliITStrackerSA::PropagateBack: Number of back propagated ITS tracks: 0 out of 0 ESD tracks
I-AliITStrackerSA::RefitInward: Number of refitted tracks: 0 out of 0 ESD tracks
E-TFile::TFile: file ./ITS.Digits.root does not exist
E-AliDataLoader::OpenFile: Can not open file ./ITS.Digits.root
E-AliTreeLoader::Load: Error occured while opening <<TreeD>> file
E-AliReconstruction::FillESD: Can't get the ITS digits tree
I-AliReconstruction::ProcessEvent: No TPC clusters: VertexerTracks will run with ITSpureSA tracks
I-AliCascadeVertexer::V0sTracks2CascadeVertices: Number of reconstructed cascades: 0
I-AliReconstruction::FillTriggerESD: Filling trigger information into the ESD
E-AliTriggerRunScalers::GetScalersForEventClass: Event AliTimeStamp out of range!
 <message repeated 1 time>
E-AliTriggerRunScalers::GetScalersDeltaForEvent: Event AliTimeStamp out of range!
I-AliReconstruction::RunMultFinder: running the ITS multiplicity finder: AliITSMultReconstructor
W-AliITSMultReconstructor::LoadClusterArrays: No SPD rec points found, multiplicity not calculated
 <message repeated 1 time>
E-AliITSDetTypeRec::GetFiredChipMap: no clusters. fired chip map stays empty. Exiting.
W-TH1F::Sumw2: Sum of squares of weights structure already created
 <message repeated 2 times>
I-AliReconstruction::ProcessEvent: ======================= End Event 2: Res 614(  1 < 33>) Vir 736(  8 < 50>) CPU  0.12 < 0.76> ===================
I-AliReconstruction::CleanProcessedEvent: ======================= End Event ===================
I-AliReconstruction::ProcessEvent: ================================= Processing event 3 of type Default    ==================================
EventInfo for EventType:	7 Cosmic:OFF Laser:OFF Other:ON
fTriggerMask/fTriggerMaskNext50:	0x1/0
TriggerCluster:	MUONTRK MUONTRG TRG 
TriggerClasses:	 CMSNGL-B-NOPF-MUON 
HLT desicion  :	
I-AliReconstruction::FillMCEventHeaderESD: Filling information from MC Header
 <message repeated 1 time>
I-AliReconstruction::RunLocalEventReconstruction: kNDetectors = 18
I-AliReconstruction::RunLocalEventReconstruction: running reconstruction for ITS
E-TFile::TFile: file ./ITS.Digits.root does not exist
E-AliDataLoader::OpenFile: Can not open file ./ITS.Digits.root
E-AliTreeLoader::Load: Error occured while opening <<TreeD>> file
E-AliReconstruction::RunLocalEventReconstruction: Can't get the ITS digits tree
I-AliReconstruction::RunLocalEventReconstruction: running reconstruction for MUON
I-AliITSVertexerFast::AliITSVertexerFast: Gaussian smaring of the generated vertex. Sigmas (x,y,z) =      0.00500 ,      0.00500 ,      0.01000 cm
W-AliRunLoader::LoadHeader: Header is already loaded. Use ReloadHeader to force reload. Nothing done
I-AliReconstruction::RunVertexFinder: running the ITS vertex finder: AliITSVertexerFast
W-AliITSVertexerFast::FindVertexForCurrentEvent: This class should be used only with simulated events!! Input cluster tree (0x7ff6456d6020) will not be used!!
I-AliReconstruction::RunTracking: running tracking
E-AliITSRecPointContainer::FetchClusters: Branch ITSRecPoints not found on ITS recpoints TTree
I-AliITStrackerSA::Clusters2Tracks: Number of prolonged tracks: 0 out of 0 ESD tracks
I-AliITStrackerSA::Clusters2Tracks: timingMI: 6.508827e-05/0.000000e+00 real/cpu
I-AliITStrackerSA::Clusters2Tracks: timingSApure: 1.215935e-05/0.000000e+00 real/cpu
I-AliITStrackerSA::PropagateBack: Number of back propagated ITS tracks: 0 out of 0 ESD tracks
I-AliITStrackerSA::RefitInward: Number of refitted tracks: 0 out of 0 ESD tracks
E-TFile::TFile: file ./ITS.Digits.root does not exist
E-AliDataLoader::OpenFile: Can not open file ./ITS.Digits.root
E-AliTreeLoader::Load: Error occured while opening <<TreeD>> file
E-AliReconstruction::FillESD: Can't get the ITS digits tree
I-AliReconstruction::ProcessEvent: No TPC clusters: VertexerTracks will run with ITSpureSA tracks
I-AliCascadeVertexer::V0sTracks2CascadeVertices: Number of reconstructed cascades: 0
I-AliReconstruction::FillTriggerESD: Filling trigger information into the ESD
E-AliTriggerRunScalers::GetScalersForEventClass: Event AliTimeStamp out of range!
E-AliTriggerRunScalers::GetScalersDeltaForEvent: Event AliTimeStamp out of range!
I-AliReconstruction::RunMultFinder: running the ITS multiplicity finder: AliITSMultReconstructor
W-AliITSMultReconstructor::LoadClusterArrays: No SPD rec points found, multiplicity not calculated
 <message repeated 1 time>
E-AliITSDetTypeRec::GetFiredChipMap: no clusters. fired chip map stays empty. Exiting.
W-TH1F::Sumw2: Sum of squares of weights structure already created
 <message repeated 2 times>
I-AliReconstruction::ProcessEvent: ======================= End Event 3: Res 615(  1 < 25>) Vir 736(  0 < 38>) CPU  0.11 < 0.60> ===================
I-AliReconstruction::CleanProcessedEvent: ======================= End Event ===================
I-AliReconstruction::ProcessEvent: ================================= Processing event 4 of type Default    ==================================
EventInfo for EventType:	7 Cosmic:OFF Laser:OFF Other:ON
fTriggerMask/fTriggerMaskNext50:	0x3/0
TriggerCluster:	MUONTRK MUONTRG TRG 
TriggerClasses:	 CMSNGL-B-NOPF-MUON  MUHigh 
HLT desicion  :	
I-AliReconstruction::FillMCEventHeaderESD: Filling information from MC Header
 <message repeated 1 time>
I-AliReconstruction::RunLocalEventReconstruction: kNDetectors = 18
I-AliReconstruction::RunLocalEventReconstruction: running reconstruction for ITS
E-TFile::TFile: file ./ITS.Digits.root does not exist
E-AliDataLoader::OpenFile: Can not open file ./ITS.Digits.root
E-AliTreeLoader::Load: Error occured while opening <<TreeD>> file
E-AliReconstruction::RunLocalEventReconstruction: Can't get the ITS digits tree
I-AliReconstruction::RunLocalEventReconstruction: running reconstruction for MUON
I-AliITSVertexerFast::AliITSVertexerFast: Gaussian smaring of the generated vertex. Sigmas (x,y,z) =      0.00500 ,      0.00500 ,      0.01000 cm
W-AliRunLoader::LoadHeader: Header is already loaded. Use ReloadHeader to force reload. Nothing done
I-AliReconstruction::RunVertexFinder: running the ITS vertex finder: AliITSVertexerFast
W-AliITSVertexerFast::FindVertexForCurrentEvent: This class should be used only with simulated events!! Input cluster tree (0x7ff6456e66f0) will not be used!!
I-AliReconstruction::RunTracking: running tracking
E-AliITSRecPointContainer::FetchClusters: Branch ITSRecPoints not found on ITS recpoints TTree
I-AliITStrackerSA::Clusters2Tracks: Number of prolonged tracks: 0 out of 0 ESD tracks
I-AliITStrackerSA::Clusters2Tracks: timingMI: 6.818771e-05/0.000000e+00 real/cpu
I-AliITStrackerSA::Clusters2Tracks: timingSApure: 1.287460e-05/0.000000e+00 real/cpu
I-AliITStrackerSA::PropagateBack: Number of back propagated ITS tracks: 0 out of 0 ESD tracks
I-AliITStrackerSA::RefitInward: Number of refitted tracks: 0 out of 0 ESD tracks
E-TFile::TFile: file ./ITS.Digits.root does not exist
E-AliDataLoader::OpenFile: Can not open file ./ITS.Digits.root
E-AliTreeLoader::Load: Error occured while opening <<TreeD>> file
E-AliReconstruction::FillESD: Can't get the ITS digits tree
I-AliReconstruction::ProcessEvent: No TPC clusters: VertexerTracks will run with ITSpureSA tracks
I-AliCascadeVertexer::V0sTracks2CascadeVertices: Number of reconstructed cascades: 0
I-AliReconstruction::FillTriggerESD: Filling trigger information into the ESD
E-AliTriggerRunScalers::GetScalersForEventClass: Event AliTimeStamp out of range!
 <message repeated 1 time>
E-AliTriggerRunScalers::GetScalersDeltaForEvent: Event AliTimeStamp out of range!
I-AliReconstruction::RunMultFinder: running the ITS multiplicity finder: AliITSMultReconstructor
W-AliITSMultReconstructor::LoadClusterArrays: No SPD rec points found, multiplicity not calculated
 <message repeated 1 time>
E-AliITSDetTypeRec::GetFiredChipMap: no clusters. fired chip map stays empty. Exiting.
W-TH1F::Sumw2: Sum of squares of weights structure already created
 <message repeated 2 times>
I-AliReconstruction::ProcessEvent: ======================= End Event 4: Res 615(  0 < 20>) Vir 736(  0 < 31>) CPU  0.12 < 0.50> ===================
I-AliReconstruction::CleanProcessedEvent: ======================= End Event ===================
I-AliReconstruction::ProcessEvent: ================================= Processing event 5 of type Default    ==================================
EventInfo for EventType:	7 Cosmic:OFF Laser:OFF Other:ON
fTriggerMask/fTriggerMaskNext50:	0x1/0
TriggerCluster:	MUONTRK MUONTRG TRG 
TriggerClasses:	 CMSNGL-B-NOPF-MUON 
HLT desicion  :	
I-AliReconstruction::FillMCEventHeaderESD: Filling information from MC Header
 <message repeated 1 time>
I-AliReconstruction::RunLocalEventReconstruction: kNDetectors = 18
I-AliReconstruction::RunLocalEventReconstruction: running reconstruction for ITS
E-TFile::TFile: file ./ITS.Digits.root does not exist
E-AliDataLoader::OpenFile: Can not open file ./ITS.Digits.root
E-AliTreeLoader::Load: Error occured while opening <<TreeD>> file
E-AliReconstruction::RunLocalEventReconstruction: Can't get the ITS digits tree
I-AliReconstruction::RunLocalEventReconstruction: running reconstruction for MUON
I-AliITSVertexerFast::AliITSVertexerFast: Gaussian smaring of the generated vertex. Sigmas (x,y,z) =      0.00500 ,      0.00500 ,      0.01000 cm
W-AliRunLoader::LoadHeader: Header is already loaded. Use ReloadHeader to force reload. Nothing done
I-AliReconstruction::RunVertexFinder: running the ITS vertex finder: AliITSVertexerFast
W-AliITSVertexerFast::FindVertexForCurrentEvent: This class should be used only with simulated events!! Input cluster tree (0x7ff6432b1480) will not be used!!
I-AliReconstruction::RunTracking: running tracking
E-AliITSRecPointContainer::FetchClusters: Branch ITSRecPoints not found on ITS recpoints TTree
I-AliITStrackerSA::Clusters2Tracks: Number of prolonged tracks: 0 out of 0 ESD tracks
I-AliITStrackerSA::Clusters2Tracks: timingMI: 6.604195e-05/0.000000e+00 real/cpu
I-AliITStrackerSA::Clusters2Tracks: timingSApure: 1.192093e-05/0.000000e+00 real/cpu
I-AliITStrackerSA::PropagateBack: Number of back propagated ITS tracks: 0 out of 0 ESD tracks
I-AliITStrackerSA::RefitInward: Number of refitted tracks: 0 out of 0 ESD tracks
E-TFile::TFile: file ./ITS.Digits.root does not exist
E-AliDataLoader::OpenFile: Can not open file ./ITS.Digits.root
E-AliTreeLoader::Load: Error occured while opening <<TreeD>> file
E-AliReconstruction::FillESD: Can't get the ITS digits tree
I-AliReconstruction::ProcessEvent: No TPC clusters: VertexerTracks will run with ITSpureSA tracks
I-AliCascadeVertexer::V0sTracks2CascadeVertices: Number of reconstructed cascades: 0
I-AliReconstruction::FillTriggerESD: Filling trigger information into the ESD
E-AliTriggerRunScalers::GetScalersForEventClass: Event AliTimeStamp out of range!
E-AliTriggerRunScalers::GetScalersDeltaForEvent: Event AliTimeStamp out of range!
I-AliReconstruction::RunMultFinder: running the ITS multiplicity finder: AliITSMultReconstructor
W-AliITSMultReconstructor::LoadClusterArrays: No SPD rec points found, multiplicity not calculated
 <message repeated 1 time>
E-AliITSDetTypeRec::GetFiredChipMap: no clusters. fired chip map stays empty. Exiting.
W-TH1F::Sumw2: Sum of squares of weights structure already created
 <message repeated 2 times>
I-AliReconstruction::ProcessEvent: ======================= End Event 5: Res 616(  0 < 17>) Vir 737(  1 < 26>) CPU  0.13 < 0.44> ===================
I-AliReconstruction::CleanProcessedEvent: ======================= End Event ===================
I-AliReconstruction::ProcessEvent: ================================= Processing event 6 of type Default    ==================================
EventInfo for EventType:	7 Cosmic:OFF Laser:OFF Other:ON
fTriggerMask/fTriggerMaskNext50:	0x1/0
TriggerCluster:	MUONTRK MUONTRG TRG 
TriggerClasses:	 CMSNGL-B-NOPF-MUON 
HLT desicion  :	
I-AliReconstruction::FillMCEventHeaderESD: Filling information from MC Header
 <message repeated 1 time>
I-AliReconstruction::RunLocalEventReconstruction: kNDetectors = 18
I-AliReconstruction::RunLocalEventReconstruction: running reconstruction for ITS
E-TFile::TFile: file ./ITS.Digits.root does not exist
E-AliDataLoader::OpenFile: Can not open file ./ITS.Digits.root
E-AliTreeLoader::Load: Error occured while opening <<TreeD>> file
E-AliReconstruction::RunLocalEventReconstruction: Can't get the ITS digits tree
I-AliReconstruction::RunLocalEventReconstruction: running reconstruction for MUON
I-AliITSVertexerFast::AliITSVertexerFast: Gaussian smaring of the generated vertex. Sigmas (x,y,z) =      0.00500 ,      0.00500 ,      0.01000 cm
W-AliRunLoader::LoadHeader: Header is already loaded. Use ReloadHeader to force reload. Nothing done
I-AliReconstruction::RunVertexFinder: running the ITS vertex finder: AliITSVertexerFast
W-AliITSVertexerFast::FindVertexForCurrentEvent: This class should be used only with simulated events!! Input cluster tree (0x7ff6457c8720) will not be used!!
I-AliReconstruction::RunTracking: running tracking
E-AliITSRecPointContainer::FetchClusters: Branch ITSRecPoints not found on ITS recpoints TTree
I-AliITStrackerSA::Clusters2Tracks: Number of prolonged tracks: 0 out of 0 ESD tracks
I-AliITStrackerSA::Clusters2Tracks: timingMI: 7.081032e-05/0.000000e+00 real/cpu
I-AliITStrackerSA::Clusters2Tracks: timingSApure: 1.215935e-05/0.000000e+00 real/cpu
I-AliITStrackerSA::PropagateBack: Number of back propagated ITS tracks: 0 out of 0 ESD tracks
I-AliITStrackerSA::RefitInward: Number of refitted tracks: 0 out of 0 ESD tracks
E-TFile::TFile: file ./ITS.Digits.root does not exist
E-AliDataLoader::OpenFile: Can not open file ./ITS.Digits.root
E-AliTreeLoader::Load: Error occured while opening <<TreeD>> file
E-AliReconstruction::FillESD: Can't get the ITS digits tree
I-AliReconstruction::ProcessEvent: No TPC clusters: VertexerTracks will run with ITSpureSA tracks
I-AliCascadeVertexer::V0sTracks2CascadeVertices: Number of reconstructed cascades: 0
I-AliReconstruction::FillTriggerESD: Filling trigger information into the ESD
E-AliTriggerRunScalers::GetScalersForEventClass: Event AliTimeStamp out of range!
E-AliTriggerRunScalers::GetScalersDeltaForEvent: Event AliTimeStamp out of range!
I-AliReconstruction::RunMultFinder: running the ITS multiplicity finder: AliITSMultReconstructor
W-AliITSMultReconstructor::LoadClusterArrays: No SPD rec points found, multiplicity not calculated
 <message repeated 1 time>
E-AliITSDetTypeRec::GetFiredChipMap: no clusters. fired chip map stays empty. Exiting.
W-TH1F::Sumw2: Sum of squares of weights structure already created
 <message repeated 2 times>
I-AliReconstruction::ProcessEvent: ======================= End Event 6: Res 616(  0 < 15>) Vir 739(  2 < 23>) CPU  0.12 < 0.39> ===================
I-AliReconstruction::CleanProcessedEvent: ======================= End Event ===================
I-AliReconstruction::ProcessEvent: ================================= Processing event 7 of type Default    ==================================
EventInfo for EventType:	7 Cosmic:OFF Laser:OFF Other:OFF
fTriggerMask/fTriggerMaskNext50:	0/0
TriggerCluster:	
TriggerClasses:	
HLT desicion  :	
I-AliReconstruction::FillMCEventHeaderESD: Filling information from MC Header
 <message repeated 1 time>
I-AliReconstruction::RunLocalEventReconstruction: kNDetectors = 18
I-AliReconstruction::RunLocalEventReconstruction: running reconstruction for ITS
E-TFile::TFile: file ./ITS.Digits.root does not exist
E-AliDataLoader::OpenFile: Can not open file ./ITS.Digits.root
E-AliTreeLoader::Load: Error occured while opening <<TreeD>> file
E-AliReconstruction::RunLocalEventReconstruction: Can't get the ITS digits tree
I-AliReconstruction::RunLocalEventReconstruction: running reconstruction for MUON
I-AliITSVertexerFast::AliITSVertexerFast: Gaussian smaring of the generated vertex. Sigmas (x,y,z) =      0.00500 ,      0.00500 ,      0.01000 cm
W-AliRunLoader::LoadHeader: Header is already loaded. Use ReloadHeader to force reload. Nothing done
I-AliReconstruction::RunVertexFinder: running the ITS vertex finder: AliITSVertexerFast
W-AliITSVertexerFast::FindVertexForCurrentEvent: This class should be used only with simulated events!! Input cluster tree (0x7ff6456c5bf0) will not be used!!
I-AliReconstruction::RunTracking: running tracking
E-AliITSRecPointContainer::FetchClusters: Branch ITSRecPoints not found on ITS recpoints TTree
I-AliITStrackerSA::Clusters2Tracks: Number of prolonged tracks: 0 out of 0 ESD tracks
I-AliITStrackerSA::Clusters2Tracks: timingMI: 6.604195e-05/0.000000e+00 real/cpu
I-AliITStrackerSA::Clusters2Tracks: timingSApure: 1.192093e-05/0.000000e+00 real/cpu
I-AliITStrackerSA::PropagateBack: Number of back propagated ITS tracks: 0 out of 0 ESD tracks
I-AliITStrackerSA::RefitInward: Number of refitted tracks: 0 out of 0 ESD tracks
E-TFile::TFile: file ./ITS.Digits.root does not exist
E-AliDataLoader::OpenFile: Can not open file ./ITS.Digits.root
E-AliTreeLoader::Load: Error occured while opening <<TreeD>> file
E-AliReconstruction::FillESD: Can't get the ITS digits tree
I-AliReconstruction::ProcessEvent: No TPC clusters: VertexerTracks will run with ITSpureSA tracks
I-AliCascadeVertexer::V0sTracks2CascadeVertices: Number of reconstructed cascades: 0
I-AliReconstruction::FillTriggerESD: Filling trigger information into the ESD
E-AliTriggerRunScalers::GetScalersDeltaForEvent: Event AliTimeStamp out of range!
I-AliReconstruction::RunMultFinder: running the ITS multiplicity finder: AliITSMultReconstructor
W-AliITSMultReconstructor::LoadClusterArrays: No SPD rec points found, multiplicity not calculated
 <message repeated 1 time>
E-AliITSDetTypeRec::GetFiredChipMap: no clusters. fired chip map stays empty. Exiting.
W-TH1F::Sumw2: Sum of squares of weights structure already created
 <message repeated 2 times>
I-AliReconstruction::ProcessEvent: ======================= End Event 7: Res 616(  0 < 14>) Vir 739(  0 < 21>) CPU  0.11 < 0.36> ===================
I-AliReconstruction::CleanProcessedEvent: ======================= End Event ===================
I-AliReconstruction::ProcessEvent: ================================= Processing event 8 of type Default    ==================================
EventInfo for EventType:	7 Cosmic:OFF Laser:OFF Other:ON
fTriggerMask/fTriggerMaskNext50:	0x1/0
TriggerCluster:	MUONTRK MUONTRG TRG 
TriggerClasses:	 CMSNGL-B-NOPF-MUON 
HLT desicion  :	
I-AliReconstruction::FillMCEventHeaderESD: Filling information from MC Header
 <message repeated 1 time>
I-AliReconstruction::RunLocalEventReconstruction: kNDetectors = 18
I-AliReconstruction::RunLocalEventReconstruction: running reconstruction for ITS
E-TFile::TFile: file ./ITS.Digits.root does not exist
E-AliDataLoader::OpenFile: Can not open file ./ITS.Digits.root
E-AliTreeLoader::Load: Error occured while opening <<TreeD>> file
E-AliReconstruction::RunLocalEventReconstruction: Can't get the ITS digits tree
I-AliReconstruction::RunLocalEventReconstruction: running reconstruction for MUON
I-AliITSVertexerFast::AliITSVertexerFast: Gaussian smaring of the generated vertex. Sigmas (x,y,z) =      0.00500 ,      0.00500 ,      0.01000 cm
W-AliRunLoader::LoadHeader: Header is already loaded. Use ReloadHeader to force reload. Nothing done
I-AliReconstruction::RunVertexFinder: running the ITS vertex finder: AliITSVertexerFast
W-AliITSVertexerFast::FindVertexForCurrentEvent: This class should be used only with simulated events!! Input cluster tree (0x7ff64c2144f0) will not be used!!
I-AliReconstruction::RunTracking: running tracking
E-AliITSRecPointContainer::FetchClusters: Branch ITSRecPoints not found on ITS recpoints TTree
I-AliITStrackerSA::Clusters2Tracks: Number of prolonged tracks: 0 out of 0 ESD tracks
I-AliITStrackerSA::Clusters2Tracks: timingMI: 7.104874e-05/0.000000e+00 real/cpu
I-AliITStrackerSA::Clusters2Tracks: timingSApure: 1.192093e-05/0.000000e+00 real/cpu
I-AliITStrackerSA::PropagateBack: Number of back propagated ITS tracks: 0 out of 0 ESD tracks
I-AliITStrackerSA::RefitInward: Number of refitted tracks: 0 out of 0 ESD tracks
E-TFile::TFile: file ./ITS.Digits.root does not exist
E-AliDataLoader::OpenFile: Can not open file ./ITS.Digits.root
E-AliTreeLoader::Load: Error occured while opening <<TreeD>> file
E-AliReconstruction::FillESD: Can't get the ITS digits tree
I-AliReconstruction::ProcessEvent: No TPC clusters: VertexerTracks will run with ITSpureSA tracks
I-AliCascadeVertexer::V0sTracks2CascadeVertices: Number of reconstructed cascades: 0
I-AliReconstruction::FillTriggerESD: Filling trigger information into the ESD
E-AliTriggerRunScalers::GetScalersForEventClass: Event AliTimeStamp out of range!
E-AliTriggerRunScalers::GetScalersDeltaForEvent: Event AliTimeStamp out of range!
I-AliReconstruction::RunMultFinder: running the ITS multiplicity finder: AliITSMultReconstructor
W-AliITSMultReconstructor::LoadClusterArrays: No SPD rec points found, multiplicity not calculated
 <message repeated 1 time>
E-AliITSDetTypeRec::GetFiredChipMap: no clusters. fired chip map stays empty. Exiting.
W-TH1F::Sumw2: Sum of squares of weights structure already created
 <message repeated 2 times>
I-AliReconstruction::ProcessEvent: ======================= End Event 8: Res 617(  0 < 13>) Vir 739(  0 < 19>) CPU  0.11 < 0.33> ===================
I-AliReconstruction::CleanProcessedEvent: ======================= End Event ===================
I-AliReconstruction::ProcessEvent: ================================= Processing event 9 of type Default    ==================================
EventInfo for EventType:	7 Cosmic:OFF Laser:OFF Other:ON
fTriggerMask/fTriggerMaskNext50:	0x1/0
TriggerCluster:	MUONTRK MUONTRG TRG 
TriggerClasses:	 CMSNGL-B-NOPF-MUON 
HLT desicion  :	
I-AliReconstruction::FillMCEventHeaderESD: Filling information from MC Header
 <message repeated 1 time>
I-AliReconstruction::RunLocalEventReconstruction: kNDetectors = 18
I-AliReconstruction::RunLocalEventReconstruction: running reconstruction for ITS
E-TFile::TFile: file ./ITS.Digits.root does not exist
E-AliDataLoader::OpenFile: Can not open file ./ITS.Digits.root
E-AliTreeLoader::Load: Error occured while opening <<TreeD>> file
E-AliReconstruction::RunLocalEventReconstruction: Can't get the ITS digits tree
I-AliReconstruction::RunLocalEventReconstruction: running reconstruction for MUON
[TFile::Cp] Total 0.43 MB	|>...................| 0.00 % [0.0 MB/s][TFile::Cp] Total 0.43 MB	|====================| 100.00 % [1276.5 MB/s]
I-AliITSVertexerFast::AliITSVertexerFast: Gaussian smaring of the generated vertex. Sigmas (x,y,z) =      0.00500 ,      0.00500 ,      0.01000 cm
W-AliRunLoader::LoadHeader: Header is already loaded. Use ReloadHeader to force reload. Nothing done
I-AliReconstruction::RunVertexFinder: running the ITS vertex finder: AliITSVertexerFast
W-AliITSVertexerFast::FindVertexForCurrentEvent: This class should be used only with simulated events!! Input cluster tree (0x7ff64c21f6f0) will not be used!!
I-AliReconstruction::RunTracking: running tracking
E-AliITSRecPointContainer::FetchClusters: Branch ITSRecPoints not found on ITS recpoints TTree
I-AliITStrackerSA::Clusters2Tracks: Number of prolonged tracks: 0 out of 0 ESD tracks
I-AliITStrackerSA::Clusters2Tracks: timingMI: 6.604195e-05/0.000000e+00 real/cpu
I-AliITStrackerSA::Clusters2Tracks: timingSApure: 1.192093e-05/0.000000e+00 real/cpu
I-AliITStrackerSA::PropagateBack: Number of back propagated ITS tracks: 0 out of 0 ESD tracks
I-AliITStrackerSA::RefitInward: Number of refitted tracks: 0 out of 0 ESD tracks
E-TFile::TFile: file ./ITS.Digits.root does not exist
E-AliDataLoader::OpenFile: Can not open file ./ITS.Digits.root
E-AliTreeLoader::Load: Error occured while opening <<TreeD>> file
E-AliReconstruction::FillESD: Can't get the ITS digits tree
I-AliReconstruction::ProcessEvent: No TPC clusters: VertexerTracks will run with ITSpureSA tracks
I-AliCascadeVertexer::V0sTracks2CascadeVertices: Number of reconstructed cascades: 0
I-AliReconstruction::FillTriggerESD: Filling trigger information into the ESD
E-AliTriggerRunScalers::GetScalersForEventClass: Event AliTimeStamp out of range!
E-AliTriggerRunScalers::GetScalersDeltaForEvent: Event AliTimeStamp out of range!
I-AliReconstruction::RunMultFinder: running the ITS multiplicity finder: AliITSMultReconstructor
W-AliITSMultReconstructor::LoadClusterArrays: No SPD rec points found, multiplicity not calculated
 <message repeated 1 time>
E-AliITSDetTypeRec::GetFiredChipMap: no clusters. fired chip map stays empty. Exiting.
W-TH1F::Sumw2: Sum of squares of weights structure already created
 <message repeated 2 times>
I-AliReconstruction::ProcessEvent: ======================= End Event 9: Res 618(  0 < 12>) Vir 739(  0 < 18>) CPU  0.12 < 0.31> ===================
I-AliReconstruction::CleanProcessedEvent: ======================= End Event ===================
I-TCanvas::Print: ps file QAImageRec244351.ps has been created
I-AliMUONQAChecker::Check: Skipping tracker check as tracker not requested
I-AliMUONQAChecker::Check: Skipping trigger check as trigger not requested
I-TCanvas::Print: Current canvas added to ps file QAImageRec244351.ps
 <message repeated 1 time>
I-AliMUONQAChecker::Check: Skipping tracker check as tracker not requested
I-AliMUONQAChecker::Check: Skipping trigger check as trigger not requested
I-TCanvas::Print: Current canvas added to ps file QAImageRec244351.ps
 <message repeated 1 time>
I-AliMUONQAChecker::Check: Skipping tracker check as tracker not requested
I-AliMUONQAChecker::Check: Skipping trigger check as trigger not requested
I-TCanvas::Print: Current canvas added to ps file QAImageRec244351.ps
 <message repeated 2 times>
E-TFile::ReadBuffer: error reading all requested bytes from file /Users/audurier/Documents/Analysis/Dummy/Global.QA.244351.root, got 238 of 300
E-TFile::Init: /Users/audurier/Documents/Analysis/Dummy/Global.QA.244351.root failed to read the file type data.
E-TFileMerger::AddFile: cannot open file /Users/audurier/Documents/Analysis/Dummy/Global.QA.244351.root
I-AliMUONPadStatusMaker::Report: 
According to mask 400be9b (human readable form below)  71038 pads are bad (over a total of 1064008, i.e.    6.68 %)
  Ped Mean is Zero | Ped Mean Too Low | Ped Mean Too High | Ped Sigma Too Low | Ped Sigma Too High | Ped is missing | HV is on error | HV is Too Low | HV has channel OFF | HV has switch OFF | HV is missing | manu occupancy too high 
--------
The message (                                                                                                      Ped Mean Too High ) occured             133 times ( 0.0125 %)
The message (                                                                                 Ped Mean Too High & Ped Sigma Too High ) occured           13349 times ( 1.2546 %)
The message (                                                                                                manu occupancy too high ) occured            2807 times ( 0.2638 %)
The message (                                                       Ped Mean Too High & Ped Sigma Too High & manu occupancy too high ) occured             143 times ( 0.0134 %)
The message (                                                            Ped Mean Too High & Ped Sigma Too High & Gain A1 is Too Low ) occured             761 times ( 0.0715 %)
The message (                                                                                                      Ped Sigma Too Low ) occured               8 times ( 0.0008 %)
The message (                                                                                                       Ped Mean Too Low ) occured             249 times ( 0.0234 %)
The message (                                                                                  Ped Mean Too Low & Gain A1 is Too Low ) occured              19 times ( 0.0018 %)
The message (                                                                                                         Ped is missing ) occured           17274 times ( 1.6235 %)
The message (                                                                                    Ped is missing & Gain A1 is Too Low ) occured              64 times ( 0.0060 %)
The message (                                                        Ped Mean Too High & Ped Sigma Too Low & manu occupancy too high ) occured               8 times ( 0.0008 %)
The message (                                                                            Ped Mean Too High & manu occupancy too high ) occured              79 times ( 0.0074 %)
The message (                                                                            Ped Sigma Too Low & manu occupancy too high ) occured               1 times ( 0.0001 %)
The message (                                                                                  Ped Mean Too High & Ped Sigma Too Low ) occured               6 times ( 0.0006 %)
The message (                                                                                     HV is Too Low & HV has channel OFF ) occured            6829 times ( 0.6418 %)
The message (                                                                Gain A1 is Too Low & HV is Too Low & HV has channel OFF ) occured              17 times ( 0.0016 %)
The message (                                            Ped Mean Too High & Ped Sigma Too High & HV is Too Low & HV has channel OFF ) occured              50 times ( 0.0047 %)
The message (                       Ped Mean Too High & Ped Sigma Too High & Gain A1 is Too Low & HV is Too Low & HV has channel OFF ) occured              16 times ( 0.0015 %)
The message (                                                                   Gain is missing & HV is Too Low & HV has channel OFF ) occured              64 times ( 0.0060 %)
The message (                                                               Ped Mean Too High & Ped Sigma Too High & Gain is missing ) occured            7864 times ( 0.7391 %)
The message (                                                                                       Ped is missing & Gain is missing ) occured            9648 times ( 0.9068 %)
The message (                                                                 Ped Mean Too Low & Ped Sigma Too Low & Gain is missing ) occured               8 times ( 0.0008 %)
The message (                                                                           Gain A1 is Too Low & manu occupancy too high ) occured              65 times ( 0.0061 %)
The message (                                                        Ped Mean Too Low & Gain A1 is Too Low & manu occupancy too high ) occured              16 times ( 0.0015 %)
The message (                                    Ped Mean Too Low & Ped Sigma Too Low & Gain A1 is Too Low & manu occupancy too high ) occured               2 times ( 0.0002 %)
The message (                                  Ped Mean Too High & Ped Sigma Too High & Gain A1 is Too Low & manu occupancy too high ) occured             112 times ( 0.0105 %)
The message (                                                                                    Ped Sigma Too Low & Gain is missing ) occured               1 times ( 0.0001 %)
The message (                                                                                     Ped Mean Too Low & Gain is missing ) occured              86 times ( 0.0081 %)
The message (                                                                              Gain is missing & manu occupancy too high ) occured             207 times ( 0.0195 %)
The message (                                                              Ped Mean Too Low & Ped Sigma Too Low & Gain A1 is Too Low ) occured               1 times ( 0.0001 %)
The message (                                                                                 Ped Mean Too High & Gain A1 is Too Low ) occured              13 times ( 0.0012 %)
The message (                                                             Ped Mean Too High & Ped Sigma Too Low & Gain A1 is Too Low ) occured              21 times ( 0.0020 %)
The message (                                                       Ped Mean Too High & Gain A1 is Too Low & manu occupancy too high ) occured               3 times ( 0.0003 %)
The message (                                                                                                          HV is Too Low ) occured            6421 times ( 0.6035 %)
The message (                                                                                        Gain is missing & HV is Too Low ) occured            4593 times ( 0.4317 %)
The message (                                                                                     Gain A1 is Too Low & HV is Too Low ) occured              10 times ( 0.0009 %)
The message (                                                                             Ped Mean Too Low & manu occupancy too high ) occured               1 times ( 0.0001 %)
The message (                                                                 Ped Mean Too High & Ped Sigma Too High & HV is Too Low ) occured              64 times ( 0.0060 %)
The message (                                                                                 Ped Sigma Too Low & Gain A1 is Too Low ) occured               1 times ( 0.0001 %)
The message (                                                                                   Ped Mean Too Low & Ped Sigma Too Low ) occured               6 times ( 0.0006 %)
The message (                                     Ped Mean Too High & Ped Sigma Too High & Gain is missing & manu occupancy too high ) occured              16 times ( 0.0015 %)
The message (                                                                                                     Ped Sigma Too High ) occured               2 times ( 0.0002 %)
Map UniqueID = 272
I-AliMUONDigitCalibrator::~AliMUONDigitCalibrator: Summary of messages:
   0  ChargeSigmaCut used = 4.000000e+00    774
I-AliMUONDigitCalibrator::~AliMUONDigitCalibrator: We have seen 792 pads, and rejected 18 (   2.27 %)
I-AliMUONClusterFinderMLEM::~AliMUONClusterFinderMLEM: Total clusters 0 AddVirtualPad needed 0
I-AliQAv1::ShowStatus: ====> QA Status for     MUON LowMultiplicity raw =0x0, sim=0x0, rec=0x0, esd=0x8000, ana=0x0
I-AliQAv1::ShowASCIIStatus:            LowMultiplicity     MUON  ESD  

I-AliQAv1::ShowASCIIStatus:            LowMultiplicity     MUON  ESD 0x8000, Problem signalled:    FATAL 

I-AliESDTagCreator::CreateESDTags: Creating the ESD tags.......
I-AliESDTagCreator::CreateESDTags: writing tags to file Run244351.Event0_9.ESD.tag.root
Real time 0:02:43, CP time 11.290
I-AliQAv1::ShowStatus: ====> QA Status for     MUON LowMultiplicity raw =0x0, sim=0x0, rec=0x0, esd=0x8000, ana=0x0
I-AliQAv1::ShowASCIIStatus:            LowMultiplicity     MUON  ESD  

I-AliQAv1::ShowASCIIStatus:            LowMultiplicity     MUON  ESD 0x8000, Problem signalled:    FATAL 

AliMUONCalibrationData
   AliMUONCalibrationData  R:0.0000s C:0.0000s (5 slices)
   CreateHV hvMap=0x7ff6576bfd00 R:0.0024s C:0.0000s (2 slices)
   CreateObject 
        000244351 : MUON/Calib/Config R:0.0001s C:0.0000s (3 slices)
        000244351 : MUON/Calib/Gains R:0.0000s C:0.0000s (2 slices)
        000244351 : MUON/Calib/GlobalTriggerCrateConfig R:0.0000s C:0.0000s (1 slices)
        000244351 : MUON/Calib/HV R:0.0000s C:0.0000s (2 slices)
        000244351 : MUON/Calib/LocalTriggerBoardMasks R:0.0000s C:0.0000s (1 slices)
        000244351 : MUON/Calib/Neighbours R:0.0000s C:0.0000s (2 slices)
        000244351 : MUON/Calib/OccupancyMap R:0.0000s C:0.0000s (2 slices)
        000244351 : MUON/Calib/Pedestals R:0.0000s C:0.0000s (2 slices)
        000244351 : MUON/Calib/RegionalTriggerConfig R:0.0000s C:0.0000s (1 slices)
        000244351 : MUON/Calib/RejectList R:0.0001s C:0.0000s (2 slices)
        000244351 : MUON/Calib/TriggerDCS R:0.0000s C:0.0000s (1 slices)
        000244351 : MUON/Calib/TriggerLut R:0.0000s C:0.0000s (1 slices)
   PatchSt1DCSAliases hvMap=0x7ff6576bfd00 R:0.0016s C:0.0000s (1 slices)
AliMUONClusterFinderMLEM
   CheckPrecluster  R:0.0009s C:0.0000s (101 slices)
AliMUONDigitMaker
   TriggerDigits  R:0.2538s C:0.2400s (710 slices)
AliMUONLegacyClusterServer
   Clusterize 
        Chamber 0 R:0.0004s C:0.0000s (10 slices)
        Chamber 1 R:0.0002s C:0.0000s (10 slices)
        Chamber 2 R:0.0001s C:0.0000s (10 slices)
        Chamber 3 R:0.0002s C:0.0000s (10 slices)
        Chamber 4 R:0.0002s C:0.0000s (10 slices)
        Chamber 5 R:0.0002s C:0.0000s (10 slices)
        Chamber 6 R:0.0002s C:0.0000s (10 slices)
        Chamber 7 R:0.0002s C:0.0000s (10 slices)
        Chamber 8 R:0.0002s C:0.0000s (10 slices)
        Chamber 9 R:0.0001s C:0.0000s (10 slices)
AliMUONPadStatusMaker
   HVSt12Status  R:0.0007s C:0.0000s (96 slices)
   HVSt345Status  R:0.0095s C:0.0100s (1200 slices)
   HVStatus  R:0.1226s C:0.1400s (33656 slices)
   PadStatus ComputeStatus R:0.2160s C:0.2300s (17077 slices)
   Report  R:0.3563s C:0.3500s (1 slices)
   SetHVStatus  R:0.0082s C:0.0100s (1296 slices)
AliMUONPadStatusMapMaker
   AliMUONPadStatusMapMaker Computing complete status map at once R:0.5666s C:0.5700s (1 slices)
   ComputeStatusMap (Int_t,Int_t) R:0.5364s C:0.5000s (17077 slices)
AliMUONQAChecker
   Check 
        Digits R:0.0000s C:0.0000s (1 slices)
        SDigits R:0.0000s C:0.0000s (2 slices)
AliMUONQAMappingCheck
   AliMUONQAMappingCheck RUN 244351 R:0.0230s C:0.0200s (1 slices)
AliMUONReconstructor
   Calibrate AliMUONDigitCalibrator::Calibrate(AliMUONVDigitStore*) R:0.0199s C:0.0100s (9 slices)
   CreateCalibrationData  R:0.0026s C:0.0000s (1 slices)
   CreateCalibrator  R:0.4369s C:0.4400s (1 slices)
   CreateClusterServer  R:0.0002s C:0.0000s (10 slices)
   CreateTriggerCircuit  R:0.0127s C:0.0100s (1 slices)
   CreateTriggerUtilities  R:0.4875s C:0.4800s (1 slices)
   FillTreeR  R:0.0453s C:0.0500s (10 slices)
   Reconstruct  R:0.5125s C:0.5000s (10 slices)
   ResponseRemovingChambers  R:0.0013s C:0.0000s (10 slices)
AliMUONSimpleClusterServer
   Clusterize 
        Chamber 0 R:0.0067s C:0.0200s (10 slices)
        Chamber 1 R:0.0055s C:0.0000s (10 slices)
        Chamber 2 R:0.0025s C:0.0100s (10 slices)
        Chamber 3 R:0.0034s C:0.0000s (10 slices)
        Chamber 4 R:0.0023s C:0.0000s (10 slices)
        Chamber 5 R:0.0023s C:0.0200s (10 slices)
        Chamber 6 R:0.0020s C:0.0000s (10 slices)
        Chamber 7 R:0.0023s C:0.0000s (10 slices)
        Chamber 8 R:0.0020s C:0.0000s (10 slices)
        Chamber 9 R:0.0015s C:0.0000s (10 slices)
AliMUONTrackHitPattern
   GetHitPattern  R:0.1039s C:0.1100s (18 slices)
AliMUONTrackReconstructorK
   EventReconstruct  R:0.0303s C:0.0300s (10 slices)
   EventReconstructTrigger  R:0.0002s C:0.0000s (10 slices)
   MakeSegmentsBetweenChambers  R:0.0002s C:0.0000s (20 slices)
   ValidateTracksWithTrigger  R:0.1075s C:0.1200s (10 slices)
AliMUONTracker
   Clusters2Tracks  R:0.1436s C:0.1600s (10 slices)
   FillESD  R:0.0048s C:0.0000s (10 slices)
AliMUONTrackerData
   CreateBusPatchParam  R:0.0101s C:0.0100s (2771 slices)
   CreateChamberParam  R:0.0037s C:0.0000s (40 slices)
   CreateDetectionElementParam  R:0.0036s C:0.0000s (528 slices)
   CreateManuParam  R:0.1343s C:0.1700s (49722 slices)
   CreatePCBParam  R:0.0076s C:0.0100s (1854 slices)
   InternalAdd 
        CalCharges R:0.0002s C:0.0000s (10 slices)
        RecCharges R:0.0072s C:0.0000s (10 slices)
        RecPoints R:0.4928s C:0.4900s (1 slices)
AliMUONTrackerQADataMakerRec
   BookHistograms  R:0.0045s C:0.0000s (2 slices)
   EndOfDetectorCycleDigits  R:0.0002s C:0.0000s (1 slices)
   EndOfDetectorCycleESDs  R:0.0000s C:0.0000s (1 slices)
   EndOfDetectorCycleRecPoints  R:0.0000s C:0.0000s (1 slices)
   InitDigits  R:0.0023s C:0.0000s (1 slices)
   InitRecPoints  R:0.8883s C:0.8900s (1 slices)
   MakeDigits LowMultiplicity R:0.0032s C:0.0000s (10 slices)
   MakeESDs LowMultiplicity R:0.0105s C:0.0000s (10 slices)
   MakeRecPoints 
        ClusterStore creation R:0.0000s C:0.0000s (1 slices)
        LowMultiplicity R:0.8985s C:0.9000s (10 slices)
   ProjectTrackerData 
        LowMultiplicity_CalCharges R:0.0002s C:0.0000s (1 slices)
        LowMultiplicity_RecCharges R:0.0002s C:0.0000s (1 slices)
AliMUONTriggerElectronics
   Digits2Trigger  R:0.1659s C:0.1900s (235 slices)
   Feed  R:0.1149s C:0.1400s (235 slices)
   GlobalResponse  R:0.0134s C:0.0400s (235 slices)
   LocalResponse  R:0.0097s C:0.0000s (235 slices)
   RegionalResponse  R:0.0118s C:0.0100s (235 slices)
   ResponseRemovingChambers  R:0.0008s C:0.0000s (10 slices)
AliMUONTriggerQADataMakerRec
   FillTriggerDCSHistos  R:0.0007s C:0.0000s (1 slices)
AliMpDCSNamer
   ManuId2PCBIndex  R:0.1213s C:0.1800s (39399 slices)
   ManuId2Sector  R:0.0200s C:0.0100s (7248 slices)
AliMpDetElement
   AddManu 
         R:0.3839s C:0.3900s (16828 slices)
        slat R:0.1725s C:0.2000s (9676 slices)
        st12 R:0.1243s C:0.1300s (7152 slices)
AliMpFastSegmentation
   AliMpFastSegmentation 
        AliMpSectorSegmentation R:0.0120s C:0.0100s (4 slices)
        AliMpSlatSegmentation R:0.0168s C:0.0100s (38 slices)
AliMpMotifMap
   GetMotifPosition  R:0.0245s C:0.0100s (7152 slices)
AliReconstruction
   Begin  R:150.9195s C:5.1400s (1 slices)
   FillESD  R:0.3287s C:0.0900s (10 slices)
   FillTriggerESD  R:0.0002s C:0.0000s (10 slices)
   GetEventInfo  R:0.0004s C:0.0000s (10 slices)
   InitCDB  R:0.0140s C:0.0000s (1 slices)
   InitQA  R:0.0900s C:0.0300s (1 slices)
   InitRawReader  R:0.0121s C:0.0000s (1 slices)
   InitRun  R:2.2665s C:0.5300s (1 slices)
   LoadCDB  R:136.1207s C:4.2900s (1 slices)
   LoadTriggerScalersCDB  R:2.0836s C:0.0600s (1 slices)
   MergeQA  R:0.0170s C:0.0100s (1 slices)
   ProcessEvent  R:6.2702s C:3.1200s (10 slices)
   Run  R:163.1383s C:11.2900s (1 slices)
   RunLocalEventReconstruction  R:1.7561s C:1.5300s (10 slices)
   RunMultFinder  R:0.0091s C:0.0100s (10 slices)
   RunMuonTracking  R:0.6668s C:0.6800s (10 slices)
   RunTracking  R:1.0427s C:0.2400s (10 slices)
   RunVertexFinder  R:0.0089s C:0.0000s (10 slices)
   SlaveBegin  R:2.1636s C:1.0100s (1 slices)
   SlaveTerminate  R:1.4163s C:1.3900s (1 slices)
   Terminate  R:0.0988s C:0.1000s (1 slices)
General
   CreateClusterFinder  R:0.0001s C:0.0000s (1 slices)
