  *******************************************
  *                                         *
  *        W E L C O M E  to  R O O T       *
  *                                         *
  *   Version   5.34/30     23 April 2015   *
  *                                         *
  *  You are welcome to visit our Web site  *
  *          http://root.cern.ch            *
  *                                         *
  *******************************************

ROOT 5.34/30 (heads/alice/v5-34-30@v5-34-30-18-g19b634a, Jan 04 2016, 09:28:07 on macosx64)

CINT/ROOT C/C++ Interpreter version 5.18.00, July 2, 2010
Type ? for help. Commands must be C++ statements.
Enclose multiple statements between { }.
 Benjamin Audurier rootlogon.C

Processing tag.C...
65a494a6-eae8-11e5-9717-0d01a8c0beef
Unix.*.Root.DynamicPath:  .:/Users/audurier/alicesw/root/alice_v5-34-30/inst/lib: [Global]
WinNT.*.Root.DynamicPath: .;/Users/audurier/alicesw/root/alice_v5-34-30/inst/bin; [Global]
Unix.*.Root.MacroPath:    .:/Users/audurier/alicesw/root/alice_v5-34-30/inst/macros: [Global]
WinNT.*.Root.MacroPath:   .;/Users/audurier/alicesw/root/alice_v5-34-30/inst/macros; [Global]
Unix.*.Root.PluginPath:   :/Users/audurier/alicesw/root/alice_v5-34-30/inst/etc/plugins: [Global]
WinNT.*.Root.PluginPath:  ;/Users/audurier/alicesw/root/alice_v5-34-30/inst/etc/plugins; [Global]
Unix.*.Root.UseTTFonts:   true                           [Global]
*.*.Root.TTFontPath:      /Users/audurier/alicesw/root/alice_v5-34-30/inst/fonts [Global]
WinNT.UseNetAPI:          true                           [Global]
Unix.*.Root.UseThreads:   false                          [Global]
Root.ZipMode:             1                              [Global]
Root.ShowPath:            false                          [Global]
Root.TMemStat:            0                              [Global]
Root.TMemStat.buffersize: 100000                         [Global]
Root.TMemStat.maxcalls:   5000000                        [Global]
Root.TMemStat.system:                                    [Global]
Root.MemStat:             0                              [Global]
Root.MemStat.size:        -1                             [Global]
Root.MemStat.cnt:         -1                             [Global]
Root.ObjectStat:          0                              [Global]
Root.MemCheck:            0                              [Global]
Root.MemCheckFile:        memcheck.out                   [Global]
Root.Debug:               0                              [Global]
Root.ErrorHandlers:       1                              [Global]
Root.Stacktrace:          yes                            [Global]
Root.ErrorIgnoreLevel:    Print                          [Global]
X11.Sync:                 no                             [Global]
X11.FindBestVisual:       yes                            [Global]
X11.UseXft:               no                             [Global]
X11.XInitThread:          yes                            [Global]
Cocoa.EnableAntiAliasing: yes                            [Global]
Win32.UseSysPointers:     no                             [Global]
Unix.*.Editor:            emacs                          [User]
WinNT.*.Editor:           notepad                        [Global]
Root.Fitter:              Minuit                         [Global]
Canvas.MoveOpaque:        false                          [User]
Canvas.ResizeOpaque:      false                          [User]
Canvas.ShowGuideLines:    true                           [Global]
Canvas.UseScreenFactor:   true                           [User]
Canvas.HighLightColor:    2                              [Global]
Canvas.ShowEventStatus:   false                          [Global]
Canvas.ShowToolTips:      false                          [Global]
Canvas.ShowToolBar:       false                          [Global]
Canvas.ShowEditor:        false                          [Global]
Canvas.AutoExec:          true                           [Global]
Canvas.PrintDirectory:    .                              [Global]
Canvas.SavePrecision:     7                              [Global]
Canvas.Style:             Modern                         [Global]
Canvas.SaveAsDefaultType: pdf                            [Global]
Hist.Binning.1D.x:        100                            [Global]
Hist.Binning.2D.x:        40                             [Global]
Hist.Binning.2D.y:        40                             [Global]
Hist.Binning.2D.Prof:     100                            [Global]
Hist.Binning.3D.x:        20                             [Global]
Hist.Binning.3D.y:        20                             [Global]
Hist.Binning.3D.z:        20                             [Global]
Hist.Binning.3D.Profx:    100                            [Global]
Hist.Binning.3D.Profy:    100                            [Global]
Hist.Stats.Entries:       Entries                        [Global]
Hist.Stats.Mean:          Mean                           [Global]
Hist.Stats.MeanX:         Mean x                         [Global]
Hist.Stats.MeanY:         Mean y                         [Global]
Hist.Stats.MeanZ:         Mean z                         [Global]
Hist.Stats.RMS:           RMS                            [Global]
Hist.Stats.RMSX:          RMS x                          [Global]
Hist.Stats.RMSY:          RMS y                          [Global]
Hist.Stats.RMSZ:          RMS z                          [Global]
Hist.Stats.Underflow:     Underflow                      [Global]
Hist.Stats.Overflow:      Overflow                       [Global]
Hist.Stats.Integral:      Integral                       [Global]
Hist.Stats.IntegralBinWidth: Integral(w)                    [Global]
Hist.Stats.Skewness:      Skewness                       [Global]
Hist.Stats.SkewnessX:     Skewness x                     [Global]
Hist.Stats.SkewnessY:     Skewness y                     [Global]
Hist.Stats.SkewnessZ:     Skewness z                     [Global]
Hist.Stats.Kurtosis:      Kurtosis                       [Global]
Hist.Stats.KurtosisX:     Kurtosis x                     [Global]
Hist.Stats.KurtosisY:     Kurtosis y                     [Global]
Hist.Stats.KurtosisZ:     Kurtosis z                     [Global]
Root.Html.SourceDir:      .                              [Global]
Root.Html.Root:           http://root.cern.ch/root/html  [Global]
Root.Html.ViewCVS:        http://root.cern.ch/viewcvs/trunk/%f?view=log [Global]
Root.Html.Search:         http://www.google.com/search?q=%s+site%3A%u+-site%3A%u%2Fsrc%2F+-site%3A%u%2Fexamples%2F [Global]
Gui.Backend:              native                         [Global]
Gui.Factory:              native                         [Global]
Gui.Style:                modern                         [Global]
Gui.DefaultFont:          -*-helvetica-medium-r-*-*-12-*-*-*-*-*-iso8859-1 [Global]
Gui.MenuFont:             -*-helvetica-medium-r-*-*-12-*-*-*-*-*-iso8859-1 [Global]
Gui.MenuHiFont:           -*-helvetica-bold-r-*-*-12-*-*-*-*-*-iso8859-1 [Global]
Gui.DocFixedFont:         -*-courier-medium-r-*-*-12-*-*-*-*-*-iso8859-1 [Global]
Gui.DocPropFont:          -*-helvetica-medium-r-*-*-12-*-*-*-*-*-iso8859-1 [Global]
Gui.IconFont:             -*-helvetica-medium-r-*-*-10-*-*-*-*-*-iso8859-1 [Global]
Gui.StatusFont:           -*-helvetica-medium-r-*-*-10-*-*-*-*-*-iso8859-1 [Global]
Gui.BackgroundColor:      #e8e8e8                        [Global]
Gui.ForegroundColor:      black                          [Global]
Gui.HighLightColor:       #d0d0d0                        [Global]
Gui.SelectBackgroundColor: #d0d0d0                        [Global]
Gui.SelectForegroundColor: black                          [Global]
Gui.DocumentBackgroundColor: white                          [Global]
Gui.DocumentForegroundColor: black                          [Global]
Gui.TooltipBackgroundColor: LightYellow                    [Global]
Gui.TooltipForegroundColor: black                          [Global]
Gui.IconPath:             /Users/audurier/icons:/Users/audurier/alicesw/root/alice_v5-34-30/inst/icons:. [Global]
Gui.MimeTypeFile:         /Users/audurier/.root.mimes    [Global]
Browser.Name:             TRootBrowser                   [Global]
Browser.Options:          FCEI                           [Global]
Browser.IconStyle:        small                          [Global]
Browser.SortBy:           name                           [Global]
Browser.GroupView:        10000                          [Global]
Browser.ShowHidden:       no                             [Global]
Browser.AutoThumbnail:    yes                            [Global]
Browser.StartUrl:         http://root.cern.ch/root/html/ClassIndex.html [Global]
OpenGL.EventHandler.ViewerCentricControls: no                             [Global]
OpenGL.EventHandler.ArrowKeyFactor: 1.0                            [Global]
OpenGL.EventHandler.MouseDragFactor: 1.0                            [Global]
OpenGL.EventHandler.MouseWheelFactor: 1.0                            [Global]
OpenGL.PickingRadius:     3.0                            [Global]
OpenGL.PointLineScalingFactor: "native"                       [Global]
OpenGL.WireframeLineScalingFactor: 1.0                            [Global]
OpenGL.OutlineLineScalingFactor: 1.0                            [Global]
OpenGL.SavePicturesViaFBO: yes                            [Global]
OpenGL.SavePictureFallbackToBB: yes                            [Global]
OpenGL.Framebuffer.Multisample: 0                              [Global]
OpenGL.CanvasPreferGL:    0                              [Global]
Eve.Viewer.HideMenus:     1                              [Global]
Rint.Load:                rootalias.C                    [Global]
Rint.Logon:               /Users/audurier/rootlogon.C    [User]
Rint.Logoff:              rootlogoff.C                   [Global]
Rint.History:             /Users/audurier/.root_hist     [User]
Rint.Includes:            1                              [Global]
ACLiC.Linkdef:            _linkdef                       [Global]
Rootd.Authentication:     0                              [Global]
Proofd.Authentication:    0                              [Global]
Proofd.SendSRPPwd:        0                              [Global]
ProofServ.UseSSH:         0                              [Global]
UsrPwd.ReUse:             yes                            [Global]
SRP.ReUse:                no                             [Global]
Krb5.ReUse:               no                             [Global]
Globus.ReUse:             yes                            [Global]
SSH.ReUse:                yes                            [Global]
UsrPwd.Crypt:             yes                            [Global]
Globus.ProxyDuration:     default                        [Global]
Globus.ProxyKeyBits:      1024                           [Global]
SSH.ErrorRetry:           "Connection closed by remote host" [Global]
SSH.MaxRetry:             100                            [Global]
RSA.KeyType:              1                              [Global]
TFile.CrossProtocolRedirects: yes                            [Global]
TS3WebFile.Root.MultiRangeServer: Huawei OBS                     [Global]
Url.Special:              file: rfio: hpss: castor: gfal: dcache: /alien/- /castor/ [Global]
XNet.ReadAheadSize:       0                              [Global]
XNet.ReadCacheSize:       10000000                       [Global]
XNet.ParStreamsPerPhyConn: 0                              [Global]
XNet.UseOldClient:        yes                            [Global]
NetXNG.QueryReadVParams:  $(ROOT_XRD_QUERY_READV_PARAMS) [Global]
Davix.UseOldClient:       yes                            [Global]
Rint.Canvas.HighLightColor: 5                              [Global]
XSec.GSI.DelegProxy:      2                              [User]
> Updating tags....
>>> Adding to chain file .....
>>> Adding to chain file ......
>>> Adding to chain file .DS_Store....
>>> Adding to chain file AliESDs.root....
>>> Adding to chain file aod.log....
>>> Adding to chain file AODtrainCustom.C....
>>> Adding to chain file check.log....
>>> Adding to chain file CheckAOD.C....
>>> Adding to chain file CheckESD.C....
>>> Adding to chain file Config.C....
>>> Adding to chain file FMD.Hits.root....
>>> Adding to chain file galice.root....
>>> Adding to chain file GenParamCustomRadiativeDecay.C....
>>> Adding to chain file GenParamCustomRadiativeDecay_C.d....
>>> Adding to chain file GenParamCustomRadiativeDecay_C.so....
>>> Adding to chain file geometry.root....
>>> Adding to chain file Global.QA.244351.root....
>>> Adding to chain file gphysi.dat....
>>> Adding to chain file GRP....
>>> Adding to chain file guid.txt....
>>> Adding to chain file ITS.Hits.root....
>>> Adding to chain file ITS.RecPoints.root....
>>> Adding to chain file Kinematics.root....
>>> Adding to chain file Merged.QA.Data.root....
>>> Adding to chain file MUON.Digits.root....
>>> Adding to chain file MUON.Hits.root....
>>> Adding to chain file MUON.QA.244351.root....
>>> Adding to chain file MUON.RecPoints.root....
>>> Adding to chain file MUON.SDigits.root....
>>> Adding to chain file OCDBFolderXML.73e5911a-eae7-11e5-9717-0d01a8c0beef.xml....
>>> Adding to chain file QA.root....
>>> Adding to chain file QAImageRec244351.ps....
>>> Adding to chain file QAImageSim244351.ps....
>>> Adding to chain file rec.C....
>>> Adding to chain file rec.log....
>>> Adding to chain file recwatch.log....
>>> Adding to chain file run.jdl....
>>> Adding to chain file Run244351.Event0_9.ESD.tag.root....
>>>>> Found 1 entries....
Found 1 file tags
>>> Adding to chain file sim.C....
>>> Adding to chain file sim.log....
>>> Adding to chain file simrun.C....
>>> Adding to chain file simwatch.log....
>>> Adding to chain file T0.Hits.root....
>>> Adding to chain file tag.C....
>>> Adding to chain file tag.log....
>>> Adding to chain file TrackRefs.root....
>>> Adding to chain file Trigger.root....
>>> Adding to chain file validation.sh....
>>> Adding to chain file VZERO.Hits.root....
